{"numTotalTestSuites":359,"numPassedTestSuites":359,"numFailedTestSuites":0,"numPendingTestSuites":0,"numTotalTests":877,"numPassedTests":877,"numFailedTests":0,"numPendingTests":0,"numTodoTests":0,"snapshot":{"added":0,"failure":false,"filesAdded":0,"filesRemoved":0,"filesRemovedList":[],"filesUnmatched":0,"filesUpdated":0,"matched":0,"total":0,"unchecked":0,"uncheckedKeysByFile":[],"unmatched":0,"updated":0,"didUpdate":false},"startTime":1772818843775,"success":true,"testResults":[{"assertionResults":[{"ancestorTitles":["detectFormat()","Image Formats"],"fullName":"detectFormat() Image Formats should detect JPEG","status":"passed","title":"should detect JPEG","duration":0.6442919999999503,"failureMessages":[],"meta":{}},{"ancestorTitles":["detectFormat()","Image Formats"],"fullName":"detectFormat() Image Formats should detect PNG","status":"passed","title":"should detect PNG","duration":0.09604200000001129,"failureMessages":[],"meta":{}},{"ancestorTitles":["detectFormat()","Image Formats"],"fullName":"detectFormat() Image Formats should detect GIF87a","status":"passed","title":"should detect GIF87a","duration":0.0635000000000332,"failureMessages":[],"meta":{}},{"ancestorTitles":["detectFormat()","Image Formats"],"fullName":"detectFormat() Image Formats should detect GIF89a","status":"passed","title":"should detect GIF89a","duration":0.07425000000000637,"failureMessages":[],"meta":{}},{"ancestorTitles":["detectFormat()","Image Formats"],"fullName":"detectFormat() Image Formats should detect WebP","status":"passed","title":"should detect WebP","duration":0.14737500000001091,"failureMessages":[],"meta":{}},{"ancestorTitles":["detectFormat()","Image Formats"],"fullName":"detectFormat() Image Formats should detect SVG by <svg> tag","status":"passed","title":"should detect SVG by <svg> tag","duration":0.06483300000002146,"failureMessages":[],"meta":{}},{"ancestorTitles":["detectFormat()","Image Formats"],"fullName":"detectFormat() Image Formats should detect SVG by <?xml> declaration","status":"passed","title":"should detect SVG by <?xml> declaration","duration":0.05454099999997197,"failureMessages":[],"meta":{}},{"ancestorTitles":["detectFormat()","Audio Formats"],"fullName":"detectFormat() Audio Formats should detect MP3 with ID3v2","status":"passed","title":"should detect MP3 with ID3v2","duration":0.05812500000001819,"failureMessages":[],"meta":{}},{"ancestorTitles":["detectFormat()","Audio Formats"],"fullName":"detectFormat() Audio Formats should detect WAV","status":"passed","title":"should detect WAV","duration":0.06287499999996271,"failureMessages":[],"meta":{}},{"ancestorTitles":["detectFormat()","Audio Formats"],"fullName":"detectFormat() Audio Formats should detect OGG","status":"passed","title":"should detect OGG","duration":0.06520899999998164,"failureMessages":[],"meta":{}},{"ancestorTitles":["detectFormat()","Audio Formats"],"fullName":"detectFormat() Audio Formats should detect FLAC","status":"passed","title":"should detect FLAC","duration":0.043958000000031916,"failureMessages":[],"meta":{}},{"ancestorTitles":["detectFormat()","Container Formats"],"fullName":"detectFormat() Container Formats should detect M4A with valid brand","status":"passed","title":"should detect M4A with valid brand","duration":0.051916000000005624,"failureMessages":[],"meta":{}},{"ancestorTitles":["detectFormat()","Container Formats"],"fullName":"detectFormat() Container Formats should detect M4A with isom brand","status":"passed","title":"should detect M4A with isom brand","duration":0.04129100000000108,"failureMessages":[],"meta":{}},{"ancestorTitles":["detectFormat()","Edge Cases"],"fullName":"detectFormat() Edge Cases should return UNKNOWN for empty buffer","status":"passed","title":"should return UNKNOWN for empty buffer","duration":0.0327090000000112,"failureMessages":[],"meta":{}},{"ancestorTitles":["detectFormat()","Edge Cases"],"fullName":"detectFormat() Edge Cases should return UNKNOWN for small buffer","status":"passed","title":"should return UNKNOWN for small buffer","duration":0.0386670000000322,"failureMessages":[],"meta":{}},{"ancestorTitles":["detectFormat()","Edge Cases"],"fullName":"detectFormat() Edge Cases should return UNKNOWN for random data","status":"passed","title":"should return UNKNOWN for random data","duration":0.06537500000001728,"failureMessages":[],"meta":{}},{"ancestorTitles":["detectFormat()","Edge Cases"],"fullName":"detectFormat() Edge Cases should prioritize PNG over JPEG if both match (should not happen)","status":"passed","title":"should prioritize PNG over JPEG if both match (should not happen)","duration":0.03658300000000736,"failureMessages":[],"meta":{}},{"ancestorTitles":["parseJPEGMetadata()"],"fullName":"parseJPEGMetadata() should handle invalid JPEG buffer","status":"passed","title":"should handle invalid JPEG buffer","duration":0.5796659999999747,"failureMessages":[],"meta":{}},{"ancestorTitles":["parseJPEGMetadata()"],"fullName":"parseJPEGMetadata() should return empty array for buffer with no EXIF","status":"passed","title":"should return empty array for buffer with no EXIF","duration":0.5327500000000214,"failureMessages":[],"meta":{}},{"ancestorTitles":["parsePNGMetadata()"],"fullName":"parsePNGMetadata() should parse tEXt chunks","status":"passed","title":"should parse tEXt chunks","duration":0.255457999999976,"failureMessages":[],"meta":{}},{"ancestorTitles":["parsePNGMetadata()"],"fullName":"parsePNGMetadata() should handle invalid PNG buffer","status":"passed","title":"should handle invalid PNG buffer","duration":0.04270800000000463,"failureMessages":[],"meta":{}},{"ancestorTitles":["parseGIFMetadata()"],"fullName":"parseGIFMetadata() should handle GIF87a format","status":"passed","title":"should handle GIF87a format","duration":0.10508299999997917,"failureMessages":[],"meta":{}},{"ancestorTitles":["parseGIFMetadata()"],"fullName":"parseGIFMetadata() should handle GIF89a format","status":"passed","title":"should handle GIF89a format","duration":0.054957999999999174,"failureMessages":[],"meta":{}},{"ancestorTitles":["parseGIFMetadata()"],"fullName":"parseGIFMetadata() should enforce iteration limit on malformed GIF","status":"passed","title":"should enforce iteration limit on malformed GIF","duration":1.3819169999999872,"failureMessages":[],"meta":{}},{"ancestorTitles":["parseSVGMetadata()"],"fullName":"parseSVGMetadata() should extract text content from SVG","status":"passed","title":"should extract text content from SVG","duration":0.3475419999999758,"failureMessages":[],"meta":{}},{"ancestorTitles":["parseSVGMetadata()"],"fullName":"parseSVGMetadata() should extract title from SVG","status":"passed","title":"should extract title from SVG","duration":0.19729099999995015,"failureMessages":[],"meta":{}},{"ancestorTitles":["parseSVGMetadata()"],"fullName":"parseSVGMetadata() should extract href from links","status":"passed","title":"should extract href from links","duration":0.047000000000025466,"failureMessages":[],"meta":{}},{"ancestorTitles":["parseSVGMetadata()"],"fullName":"parseSVGMetadata() should handle oversized SVG","status":"passed","title":"should handle oversized SVG","duration":19.83070799999996,"failureMessages":[],"meta":{}},{"ancestorTitles":["parseSVGMetadata()"],"fullName":"parseSVGMetadata() should limit data URI extraction","status":"passed","title":"should limit data URI extraction","duration":0.3905409999999847,"failureMessages":[],"meta":{}},{"ancestorTitles":["parseMP3Metadata()"],"fullName":"parseMP3Metadata() should handle ID3v2 tag","status":"passed","title":"should handle ID3v2 tag","duration":6.079166999999984,"failureMessages":[],"meta":{}},{"ancestorTitles":["parseMP3Metadata()"],"fullName":"parseMP3Metadata() should handle invalid MP3 buffer","status":"passed","title":"should handle invalid MP3 buffer","duration":0.3759580000000824,"failureMessages":[],"meta":{}},{"ancestorTitles":["parseVorbisMetadata()"],"fullName":"parseVorbisMetadata() should handle OGG format","status":"passed","title":"should handle OGG format","duration":4.832499999999982,"failureMessages":[],"meta":{}},{"ancestorTitles":["parseVorbisMetadata()"],"fullName":"parseVorbisMetadata() should handle FLAC format","status":"passed","title":"should handle FLAC format","duration":0.5819169999999758,"failureMessages":[],"meta":{}},{"ancestorTitles":["extractTextFields()"],"fullName":"extractTextFields() should join field values with separator","status":"passed","title":"should join field values with separator","duration":0.0736660000000029,"failureMessages":[],"meta":{}},{"ancestorTitles":["extractTextFields()"],"fullName":"extractTextFields() should skip empty values","status":"passed","title":"should skip empty values","duration":0.035292000000026746,"failureMessages":[],"meta":{}},{"ancestorTitles":["extractTextFields()"],"fullName":"extractTextFields() should enforce maximum text length","status":"passed","title":"should enforce maximum text length","duration":0.04362499999990632,"failureMessages":[],"meta":{}},{"ancestorTitles":["extractTextFields()"],"fullName":"extractTextFields() should handle empty fields array","status":"passed","title":"should handle empty fields array","duration":0.02791700000000219,"failureMessages":[],"meta":{}},{"ancestorTitles":["extractSources()"],"fullName":"extractSources() should extract unique sources","status":"passed","title":"should extract unique sources","duration":0.08829200000002402,"failureMessages":[],"meta":{}},{"ancestorTitles":["extractSources()"],"fullName":"extractSources() should deduplicate sources","status":"passed","title":"should deduplicate sources","duration":0.048249999999939064,"failureMessages":[],"meta":{}},{"ancestorTitles":["extractSources()"],"fullName":"extractSources() should handle source without dot","status":"passed","title":"should handle source without dot","duration":0.04075000000000273,"failureMessages":[],"meta":{}},{"ancestorTitles":["extractMetadata()"],"fullName":"extractMetadata() should return parse result for JPEG","status":"passed","title":"should return parse result for JPEG","duration":0.2708750000000464,"failureMessages":[],"meta":{}},{"ancestorTitles":["extractMetadata()"],"fullName":"extractMetadata() should return UNKNOWN for unrecognized format","status":"passed","title":"should return UNKNOWN for unrecognized format","duration":0.205791999999974,"failureMessages":[],"meta":{}},{"ancestorTitles":["extractMetadata()"],"fullName":"extractMetadata() should handle empty buffer","status":"passed","title":"should handle empty buffer","duration":0.03999999999996362,"failureMessages":[],"meta":{}}],"startTime":1772818844074,"endTime":1772818844112.271,"status":"passed","message":"","name":"/Users/paultinp/BU-TPI/packages/bu-tpi/src/metadata-parsers.test.ts"},{"assertionResults":[{"ancestorTitles":["scanBinary()","Input Validation"],"fullName":"scanBinary() Input Validation should handle empty buffer","status":"passed","title":"should handle empty buffer","duration":1.1887500000000273,"failureMessages":[],"meta":{}},{"ancestorTitles":["scanBinary()","Input Validation"],"fullName":"scanBinary() Input Validation should handle null buffer","status":"passed","title":"should handle null buffer","duration":0.10295799999994415,"failureMessages":[],"meta":{}},{"ancestorTitles":["scanBinary()","Input Validation"],"fullName":"scanBinary() Input Validation should handle undefined buffer","status":"passed","title":"should handle undefined buffer","duration":0.06716700000004039,"failureMessages":[],"meta":{}},{"ancestorTitles":["scanBinary()","JPEG Scanning"],"fullName":"scanBinary() JPEG Scanning should scan JPEG with EXIF metadata","status":"passed","title":"should scan JPEG with EXIF metadata","duration":98.76470900000004,"failureMessages":[],"meta":{}},{"ancestorTitles":["scanBinary()","JPEG Scanning"],"fullName":"scanBinary() JPEG Scanning should include metadata sources","status":"passed","title":"should include metadata sources","duration":2.644916999999964,"failureMessages":[],"meta":{}},{"ancestorTitles":["scanBinary()","PNG Scanning"],"fullName":"scanBinary() PNG Scanning should scan PNG with text chunks","status":"passed","title":"should scan PNG with text chunks","duration":1.0524580000000014,"failureMessages":[],"meta":{}},{"ancestorTitles":["scanBinary()","Timeout Protection"],"fullName":"scanBinary() Timeout Protection should enforce timeout on large files","status":"passed","title":"should enforce timeout on large files","duration":1.7250830000000406,"failureMessages":[],"meta":{}},{"ancestorTitles":["scanBinary()","Timeout Protection"],"fullName":"scanBinary() Timeout Protection should handle custom timeout parameter","status":"passed","title":"should handle custom timeout parameter","duration":0.38879099999996924,"failureMessages":[],"meta":{}},{"ancestorTitles":["scanBinary()","Timeout Protection"],"fullName":"scanBinary() Timeout Protection should clamp timeout to valid range","status":"passed","title":"should clamp timeout to valid range","duration":0.6331669999999576,"failureMessages":[],"meta":{}},{"ancestorTitles":["scanBinary()","Performance"],"fullName":"scanBinary() Performance should complete in reasonable time","status":"passed","title":"should complete in reasonable time","duration":0.36749999999995,"failureMessages":[],"meta":{}},{"ancestorTitles":["scanBinary()","Result Structure"],"fullName":"scanBinary() Result Structure should return properly structured result","status":"passed","title":"should return properly structured result","duration":0.18383300000004965,"failureMessages":[],"meta":{}},{"ancestorTitles":["scanBinary()","Result Structure"],"fullName":"scanBinary() Result Structure should include counts in result","status":"passed","title":"should include counts in result","duration":0.06604200000003857,"failureMessages":[],"meta":{}},{"ancestorTitles":["scanBinaryRaw()"],"fullName":"scanBinaryRaw() should return raw parse result","status":"passed","title":"should return raw parse result","duration":0.19662499999992633,"failureMessages":[],"meta":{}},{"ancestorTitles":["scanBinaryRaw()"],"fullName":"scanBinaryRaw() should handle empty buffer","status":"passed","title":"should handle empty buffer","duration":0.18804199999999582,"failureMessages":[],"meta":{}},{"ancestorTitles":["formatBinaryResult()"],"fullName":"formatBinaryResult() should format result as string","status":"passed","title":"should format result as string","duration":0.09799999999995634,"failureMessages":[],"meta":{}},{"ancestorTitles":["formatBinaryResult()"],"fullName":"formatBinaryResult() should include findings in output","status":"passed","title":"should include findings in output","duration":0.04566699999998036,"failureMessages":[],"meta":{}},{"ancestorTitles":["formatMetadataFields()"],"fullName":"formatMetadataFields() should format empty fields array","status":"passed","title":"should format empty fields array","duration":0.04787500000009004,"failureMessages":[],"meta":{}},{"ancestorTitles":["formatMetadataFields()"],"fullName":"formatMetadataFields() should format metadata fields","status":"passed","title":"should format metadata fields","duration":0.05012500000009368,"failureMessages":[],"meta":{}},{"ancestorTitles":["formatMetadataFields()"],"fullName":"formatMetadataFields() should truncate long values","status":"passed","title":"should truncate long values","duration":0.04883299999994506,"failureMessages":[],"meta":{}},{"ancestorTitles":["isBinarySupported()"],"fullName":"isBinarySupported() should return true for supported formats","status":"passed","title":"should return true for supported formats","duration":0.14208399999995436,"failureMessages":[],"meta":{}},{"ancestorTitles":["isBinarySupported()"],"fullName":"isBinarySupported() should return false for unknown format","status":"passed","title":"should return false for unknown format","duration":0.03758299999992687,"failureMessages":[],"meta":{}},{"ancestorTitles":["getSupportedFormats()"],"fullName":"getSupportedFormats() should return array of supported formats","status":"passed","title":"should return array of supported formats","duration":0.06399999999996453,"failureMessages":[],"meta":{}},{"ancestorTitles":["getSupportedFormats()"],"fullName":"getSupportedFormats() should include expected formats","status":"passed","title":"should include expected formats","duration":0.12312499999995907,"failureMessages":[],"meta":{}},{"ancestorTitles":["summarizeBinary()"],"fullName":"summarizeBinary() should handle empty buffer","status":"passed","title":"should handle empty buffer","duration":0.09162499999990814,"failureMessages":[],"meta":{}},{"ancestorTitles":["summarizeBinary()"],"fullName":"summarizeBinary() should return summary with expected properties","status":"passed","title":"should return summary with expected properties","duration":0.1462500000000091,"failureMessages":[],"meta":{}},{"ancestorTitles":["summarizeBinary()"],"fullName":"summarizeBinary() should include filename when provided","status":"passed","title":"should include filename when provided","duration":0.094333000000006,"failureMessages":[],"meta":{}},{"ancestorTitles":["summarizeBinary()"],"fullName":"summarizeBinary() should correctly identify JPEG format","status":"passed","title":"should correctly identify JPEG format","duration":0.10874999999998636,"failureMessages":[],"meta":{}},{"ancestorTitles":["scanBinary() — Transcription Support (Story 12.1)"],"fullName":"scanBinary() — Transcription Support (Story 12.1) should scan transcription text for audio attack patterns","status":"passed","title":"should scan transcription text for audio attack patterns","duration":1.0626249999999118,"failureMessages":[],"meta":{}},{"ancestorTitles":["scanBinary() — Transcription Support (Story 12.1)"],"fullName":"scanBinary() — Transcription Support (Story 12.1) should include TRANSCRIPTION in sources when provided","status":"passed","title":"should include TRANSCRIPTION in sources when provided","duration":0.5358330000000251,"failureMessages":[],"meta":{}},{"ancestorTitles":["scanBinary() — Transcription Support (Story 12.1)"],"fullName":"scanBinary() — Transcription Support (Story 12.1) should not add TRANSCRIPTION source when transcription is not provided","status":"passed","title":"should not add TRANSCRIPTION source when transcription is not provided","duration":0.3217500000000655,"failureMessages":[],"meta":{}},{"ancestorTitles":["scanBinary() — Transcription Support (Story 12.1)"],"fullName":"scanBinary() — Transcription Support (Story 12.1) should detect attacks in both metadata and transcription","status":"passed","title":"should detect attacks in both metadata and transcription","duration":0.5530420000000049,"failureMessages":[],"meta":{}},{"ancestorTitles":["scanBinary() — Transcription Support (Story 12.1)"],"fullName":"scanBinary() — Transcription Support (Story 12.1) should allow clean transcription content","status":"passed","title":"should allow clean transcription content","duration":0.481583999999998,"failureMessages":[],"meta":{}}],"startTime":1772818844250,"endTime":1772818844362.4817,"status":"passed","message":"","name":"/Users/paultinp/BU-TPI/packages/bu-tpi/src/scanner-binary.test.ts"},{"assertionResults":[{"ancestorTitles":["scan()","Clean Text"],"fullName":"scan() Clean Text should allow simple clean text","status":"passed","title":"should allow simple clean text","duration":103.59354199999996,"failureMessages":[],"meta":{}},{"ancestorTitles":["scan()","Clean Text"],"fullName":"scan() Clean Text should allow business content","status":"passed","title":"should allow business content","duration":2.967999999999961,"failureMessages":[],"meta":{}},{"ancestorTitles":["scan()","Clean Text"],"fullName":"scan() Clean Text should allow code snippets","status":"passed","title":"should allow code snippets","duration":0.5597909999999047,"failureMessages":[],"meta":{}},{"ancestorTitles":["scan()","Clean Text"],"fullName":"scan() Clean Text should allow JSON data","status":"passed","title":"should allow JSON data","duration":0.6003749999999854,"failureMessages":[],"meta":{}},{"ancestorTitles":["scan()","Prompt Injection Detection"],"fullName":"scan() Prompt Injection Detection should block direct prompt injection","status":"passed","title":"should block direct prompt injection","duration":0.7253749999999854,"failureMessages":[],"meta":{}},{"ancestorTitles":["scan()","Prompt Injection Detection"],"fullName":"scan() Prompt Injection Detection should block instruction override attempts","status":"passed","title":"should block instruction override attempts","duration":0.5670840000000226,"failureMessages":[],"meta":{}},{"ancestorTitles":["scan()","Prompt Injection Detection"],"fullName":"scan() Prompt Injection Detection should block DAN-style jailbreaks","status":"passed","title":"should block DAN-style jailbreaks","duration":0.4960409999999911,"failureMessages":[],"meta":{}},{"ancestorTitles":["scan()","Jailbreak Detection"],"fullName":"scan() Jailbreak Detection should block developer mode jailbreak","status":"passed","title":"should block developer mode jailbreak","duration":0.5079589999999143,"failureMessages":[],"meta":{}},{"ancestorTitles":["scan()","Jailbreak Detection"],"fullName":"scan() Jailbreak Detection should block role-based jailbreaks","status":"passed","title":"should block role-based jailbreaks","duration":0.5495829999999842,"failureMessages":[],"meta":{}},{"ancestorTitles":["scan()","Jailbreak Detection"],"fullName":"scan() Jailbreak Detection should block hypothetical framing attacks","status":"passed","title":"should block hypothetical framing attacks","duration":0.6484169999999949,"failureMessages":[],"meta":{}},{"ancestorTitles":["scan()","Encoding Detection"],"fullName":"scan() Encoding Detection should detect base64 encoded injection attempts","status":"passed","title":"should detect base64 encoded injection attempts","duration":0.5412919999999986,"failureMessages":[],"meta":{}},{"ancestorTitles":["scan()","Encoding Detection"],"fullName":"scan() Encoding Detection should detect hex encoded injection attempts","status":"passed","title":"should detect hex encoded injection attempts","duration":0.41658299999994597,"failureMessages":[],"meta":{}},{"ancestorTitles":["scan()","Encoding Detection"],"fullName":"scan() Encoding Detection should detect hidden Unicode characters","status":"passed","title":"should detect hidden Unicode characters","duration":77.36366700000008,"failureMessages":[],"meta":{}},{"ancestorTitles":["scan()","Multi-turn Attacks"],"fullName":"scan() Multi-turn Attacks should detect slow drip attacks in JSON","status":"passed","title":"should detect slow drip attacks in JSON","duration":1.3721250000000964,"failureMessages":[],"meta":{}},{"ancestorTitles":["scan()","Multi-turn Attacks"],"fullName":"scan() Multi-turn Attacks should detect conversational escalation","status":"passed","title":"should detect conversational escalation","duration":0.8898749999999609,"failureMessages":[],"meta":{}},{"ancestorTitles":["scan()","Performance & Limits"],"fullName":"scan() Performance & Limits should handle empty text","status":"passed","title":"should handle empty text","duration":0.259708000000046,"failureMessages":[],"meta":{}},{"ancestorTitles":["scan()","Performance & Limits"],"fullName":"scan() Performance & Limits should handle very long text","status":"passed","title":"should handle very long text","duration":276.018417,"failureMessages":[],"meta":{}},{"ancestorTitles":["scan()","Performance & Limits"],"fullName":"scan() Performance & Limits should track elapsed time","status":"passed","title":"should track elapsed time","duration":0.9387499999997999,"failureMessages":[],"meta":{}},{"ancestorTitles":["scan()","Findings Structure"],"fullName":"scan() Findings Structure should return properly structured findings","status":"passed","title":"should return properly structured findings","duration":0.6917499999999563,"failureMessages":[],"meta":{}},{"ancestorTitles":["scan()","Findings Structure"],"fullName":"scan() Findings Structure should correctly count findings by severity","status":"passed","title":"should correctly count findings by severity","duration":0.4642079999998714,"failureMessages":[],"meta":{}},{"ancestorTitles":["normalizeText()"],"fullName":"normalizeText() should strip combining marks before NFKC for security","status":"passed","title":"should strip combining marks before NFKC for security","duration":0.062125000000150976,"failureMessages":[],"meta":{}},{"ancestorTitles":["normalizeText()"],"fullName":"normalizeText() should handle empty strings","status":"passed","title":"should handle empty strings","duration":0.04491599999983009,"failureMessages":[],"meta":{}},{"ancestorTitles":["normalizeText()"],"fullName":"normalizeText() should preserve alphanumeric characters","status":"passed","title":"should preserve alphanumeric characters","duration":0.0885000000000673,"failureMessages":[],"meta":{}},{"ancestorTitles":["checkForInjectionKeywords()"],"fullName":"checkForInjectionKeywords() should detect injection keywords","status":"passed","title":"should detect injection keywords","duration":0.06158300000015515,"failureMessages":[],"meta":{}},{"ancestorTitles":["checkForInjectionKeywords()"],"fullName":"checkForInjectionKeywords() should return false for clean text","status":"passed","title":"should return false for clean text","duration":0.03012499999999818,"failureMessages":[],"meta":{}},{"ancestorTitles":["checkForInjectionKeywords()"],"fullName":"checkForInjectionKeywords() should be case-insensitive","status":"passed","title":"should be case-insensitive","duration":0.03516700000000128,"failureMessages":[],"meta":{}},{"ancestorTitles":["getPatternCount()"],"fullName":"getPatternCount() should return a positive number","status":"passed","title":"should return a positive number","duration":0.2283749999999145,"failureMessages":[],"meta":{}},{"ancestorTitles":["getPatternCount()"],"fullName":"getPatternCount() should be consistent across calls","status":"passed","title":"should be consistent across calls","duration":0.06300000000010186,"failureMessages":[],"meta":{}},{"ancestorTitles":["getPatternGroups()"],"fullName":"getPatternGroups() should return an array of pattern groups","status":"passed","title":"should return an array of pattern groups","duration":0.36741600000004837,"failureMessages":[],"meta":{}},{"ancestorTitles":["getPatternGroups()"],"fullName":"getPatternGroups() should have groups with required properties","status":"passed","title":"should have groups with required properties","duration":5.214707999999973,"failureMessages":[],"meta":{}},{"ancestorTitles":["detectHiddenUnicode()"],"fullName":"detectHiddenUnicode() should detect zero-width characters","status":"passed","title":"should detect zero-width characters","duration":0.06791599999996834,"failureMessages":[],"meta":{}},{"ancestorTitles":["detectHiddenUnicode()"],"fullName":"detectHiddenUnicode() should allow text without hidden characters","status":"passed","title":"should allow text without hidden characters","duration":0.08904100000017934,"failureMessages":[],"meta":{}},{"ancestorTitles":["detectHiddenUnicode()"],"fullName":"detectHiddenUnicode() should detect RTL override characters","status":"passed","title":"should detect RTL override characters","duration":0.8223330000000715,"failureMessages":[],"meta":{}},{"ancestorTitles":["detectBase64()"],"fullName":"detectBase64() should detect base64 strings","status":"passed","title":"should detect base64 strings","duration":0.10754099999985556,"failureMessages":[],"meta":{}},{"ancestorTitles":["detectBase64()"],"fullName":"detectBase64() should handle mixed content","status":"passed","title":"should handle mixed content","duration":0.05025000000000546,"failureMessages":[],"meta":{}},{"ancestorTitles":["detectHtmlInjection()"],"fullName":"detectHtmlInjection() should detect injection in HTML comments","status":"passed","title":"should detect injection in HTML comments","duration":0.037624999999934516,"failureMessages":[],"meta":{}},{"ancestorTitles":["detectHtmlInjection()"],"fullName":"detectHtmlInjection() should allow clean HTML comments","status":"passed","title":"should allow clean HTML comments","duration":0.029875000000174623,"failureMessages":[],"meta":{}},{"ancestorTitles":["detectContextOverload()"],"fullName":"detectContextOverload() should detect token flooding with low uniqueness","status":"passed","title":"should detect token flooding with low uniqueness","duration":0.26520899999991343,"failureMessages":[],"meta":{}},{"ancestorTitles":["detectContextOverload()"],"fullName":"detectContextOverload() should allow normal length text","status":"passed","title":"should allow normal length text","duration":0.035000000000081855,"failureMessages":[],"meta":{}},{"ancestorTitles":["detectCharacterEncoding()"],"fullName":"detectCharacterEncoding() should detect ROT13 encoding","status":"passed","title":"should detect ROT13 encoding","duration":0.04408300000000054,"failureMessages":[],"meta":{}},{"ancestorTitles":["detectCharacterEncoding()"],"fullName":"detectCharacterEncoding() should handle short text (perf guard)","status":"passed","title":"should handle short text (perf guard)","duration":0.031375000000025466,"failureMessages":[],"meta":{}},{"ancestorTitles":["detectFictionalFraming()"],"fullName":"detectFictionalFraming() should detect story-based framing","status":"passed","title":"should detect story-based framing","duration":0.042457999999896856,"failureMessages":[],"meta":{}},{"ancestorTitles":["detectFictionalFraming()"],"fullName":"detectFictionalFraming() should allow normal content","status":"passed","title":"should allow normal content","duration":0.027499999999918145,"failureMessages":[],"meta":{}},{"ancestorTitles":["detectSurrogateFormat()"],"fullName":"detectSurrogateFormat() should detect injection keywords in JSON keys","status":"passed","title":"should detect injection keywords in JSON keys","duration":0.04391599999985374,"failureMessages":[],"meta":{}},{"ancestorTitles":["detectSurrogateFormat()"],"fullName":"detectSurrogateFormat() should allow safe JSON","status":"passed","title":"should allow safe JSON","duration":0.026999999999816282,"failureMessages":[],"meta":{}},{"ancestorTitles":["detectSlowDrip()"],"fullName":"detectSlowDrip() should detect slow drip in JSON arrays","status":"passed","title":"should detect slow drip in JSON arrays","duration":0.09199999999987085,"failureMessages":[],"meta":{}},{"ancestorTitles":["detectSlowDrip()"],"fullName":"detectSlowDrip() should handle JSON parse errors gracefully","status":"passed","title":"should handle JSON parse errors gracefully","duration":0.02304099999992104,"failureMessages":[],"meta":{}},{"ancestorTitles":["detectConversationalEscalation()"],"fullName":"detectConversationalEscalation() should allow normal conversation","status":"passed","title":"should allow normal conversation","duration":0.02512499999988904,"failureMessages":[],"meta":{}},{"ancestorTitles":["detectConversationalEscalation()"],"fullName":"detectConversationalEscalation() should handle invalid JSON gracefully","status":"passed","title":"should handle invalid JSON gracefully","duration":0.02250000000003638,"failureMessages":[],"meta":{}},{"ancestorTitles":["detectJsonUntrustedSource()"],"fullName":"detectJsonUntrustedSource() should detect explicit untrusted flag","status":"passed","title":"should detect explicit untrusted flag","duration":0.02991599999995742,"failureMessages":[],"meta":{}},{"ancestorTitles":["detectJsonUntrustedSource()"],"fullName":"detectJsonUntrustedSource() should detect injection in untrusted content","status":"passed","title":"should detect injection in untrusted content","duration":0.04595800000015515,"failureMessages":[],"meta":{}},{"ancestorTitles":["detectJsonUntrustedSource()"],"fullName":"detectJsonUntrustedSource() should allow safe JSON","status":"passed","title":"should allow safe JSON","duration":0.024167000000034022,"failureMessages":[],"meta":{}},{"ancestorTitles":["detectOcrAdversarial()"],"fullName":"detectOcrAdversarial() should detect OCR evasion patterns","status":"passed","title":"should detect OCR evasion patterns","duration":0.03483400000004622,"failureMessages":[],"meta":{}},{"ancestorTitles":["detectOcrAdversarial()"],"fullName":"detectOcrAdversarial() should allow clean content","status":"passed","title":"should allow clean content","duration":0.024208999999927983,"failureMessages":[],"meta":{}},{"ancestorTitles":["detectCrossModalInjection()"],"fullName":"detectCrossModalInjection() should detect modality markers with injection","status":"passed","title":"should detect modality markers with injection","duration":0.031416999999919426,"failureMessages":[],"meta":{}},{"ancestorTitles":["detectCrossModalInjection()"],"fullName":"detectCrossModalInjection() should allow clean content","status":"passed","title":"should allow clean content","duration":0.024250000000165528,"failureMessages":[],"meta":{}},{"ancestorTitles":["Audio/Voice Attack Patterns (Story 12.1)","Ultrasonic Command Injection"],"fullName":"Audio/Voice Attack Patterns (Story 12.1) Ultrasonic Command Injection should detect ultrasonic command injection","status":"passed","title":"should detect ultrasonic command injection","duration":0.5170000000000528,"failureMessages":[],"meta":{}},{"ancestorTitles":["Audio/Voice Attack Patterns (Story 12.1)","Ultrasonic Command Injection"],"fullName":"Audio/Voice Attack Patterns (Story 12.1) Ultrasonic Command Injection should detect inaudible frequency injection","status":"passed","title":"should detect inaudible frequency injection","duration":0.4276669999999285,"failureMessages":[],"meta":{}},{"ancestorTitles":["Audio/Voice Attack Patterns (Story 12.1)","Voice Identity Spoofing"],"fullName":"Audio/Voice Attack Patterns (Story 12.1) Voice Identity Spoofing should detect voice cloning identity spoof","status":"passed","title":"should detect voice cloning identity spoof","duration":0.4317080000000715,"failureMessages":[],"meta":{}},{"ancestorTitles":["Audio/Voice Attack Patterns (Story 12.1)","Voice Identity Spoofing"],"fullName":"Audio/Voice Attack Patterns (Story 12.1) Voice Identity Spoofing should detect speaker authentication bypass","status":"passed","title":"should detect speaker authentication bypass","duration":0.33787500000016735,"failureMessages":[],"meta":{}},{"ancestorTitles":["Audio/Voice Attack Patterns (Story 12.1)","Audio Steganography"],"fullName":"Audio/Voice Attack Patterns (Story 12.1) Audio Steganography should detect audio steganographic payload","status":"passed","title":"should detect audio steganographic payload","duration":1.305417000000034,"failureMessages":[],"meta":{}},{"ancestorTitles":["Audio/Voice Attack Patterns (Story 12.1)","Audio Steganography"],"fullName":"Audio/Voice Attack Patterns (Story 12.1) Audio Steganography should detect spectral domain steganography","status":"passed","title":"should detect spectral domain steganography","duration":0.4129159999999956,"failureMessages":[],"meta":{}},{"ancestorTitles":["Audio/Voice Attack Patterns (Story 12.1)","Frequency Manipulation"],"fullName":"Audio/Voice Attack Patterns (Story 12.1) Frequency Manipulation should detect frequency domain manipulation attack","status":"passed","title":"should detect frequency domain manipulation attack","duration":0.46920799999998053,"failureMessages":[],"meta":{}},{"ancestorTitles":["Audio/Voice Attack Patterns (Story 12.1)","Frequency Manipulation"],"fullName":"Audio/Voice Attack Patterns (Story 12.1) Frequency Manipulation should detect adversarial audio perturbation","status":"passed","title":"should detect adversarial audio perturbation","duration":0.3156669999998485,"failureMessages":[],"meta":{}},{"ancestorTitles":["Audio/Voice Attack Patterns (Story 12.1)","ASR Evasion"],"fullName":"Audio/Voice Attack Patterns (Story 12.1) ASR Evasion should detect ASR evasion attack","status":"passed","title":"should detect ASR evasion attack","duration":0.3479170000000522,"failureMessages":[],"meta":{}},{"ancestorTitles":["Audio/Voice Attack Patterns (Story 12.1)","ASR Evasion"],"fullName":"Audio/Voice Attack Patterns (Story 12.1) ASR Evasion should detect speech recognition evasion","status":"passed","title":"should detect speech recognition evasion","duration":0.35583299999984774,"failureMessages":[],"meta":{}},{"ancestorTitles":["Audio/Voice Attack Patterns (Story 12.1)","ASR Evasion"],"fullName":"Audio/Voice Attack Patterns (Story 12.1) ASR Evasion should detect ASR poisoning","status":"passed","title":"should detect ASR poisoning","duration":0.36170799999990777,"failureMessages":[],"meta":{}},{"ancestorTitles":["Audio/Voice Attack Patterns (Story 12.1)","Cross-Modal Audio"],"fullName":"Audio/Voice Attack Patterns (Story 12.1) Cross-Modal Audio should detect cross-modal audio injection","status":"passed","title":"should detect cross-modal audio injection","duration":0.30387500000006185,"failureMessages":[],"meta":{}},{"ancestorTitles":["Audio/Voice Attack Patterns (Story 12.1)","Cross-Modal Audio"],"fullName":"Audio/Voice Attack Patterns (Story 12.1) Cross-Modal Audio should detect audio-triggered injection","status":"passed","title":"should detect audio-triggered injection","duration":0.333458999999948,"failureMessages":[],"meta":{}},{"ancestorTitles":["Audio/Voice Attack Patterns (Story 12.1)","Biometric Voice Bypass"],"fullName":"Audio/Voice Attack Patterns (Story 12.1) Biometric Voice Bypass should detect biometric voice bypass","status":"passed","title":"should detect biometric voice bypass","duration":0.3390830000000733,"failureMessages":[],"meta":{}},{"ancestorTitles":["Audio/Voice Attack Patterns (Story 12.1)","Biometric Voice Bypass"],"fullName":"Audio/Voice Attack Patterns (Story 12.1) Biometric Voice Bypass should detect voiceprint forgery","status":"passed","title":"should detect voiceprint forgery","duration":0.33795900000018264,"failureMessages":[],"meta":{}},{"ancestorTitles":["Audio/Voice Attack Patterns (Story 12.1)","Biometric Voice Bypass"],"fullName":"Audio/Voice Attack Patterns (Story 12.1) Biometric Voice Bypass should detect biometric authentication bypass","status":"passed","title":"should detect biometric authentication bypass","duration":0.35579199999983757,"failureMessages":[],"meta":{}},{"ancestorTitles":["Audio/Voice Attack Patterns (Story 12.1)","Clean Audio Content"],"fullName":"Audio/Voice Attack Patterns (Story 12.1) Clean Audio Content should allow clean voice queries","status":"passed","title":"should allow clean voice queries","duration":0.336667000000034,"failureMessages":[],"meta":{}},{"ancestorTitles":["Audio/Voice Attack Patterns (Story 12.1)","Clean Audio Content"],"fullName":"Audio/Voice Attack Patterns (Story 12.1) Clean Audio Content should allow normal audio metadata","status":"passed","title":"should allow normal audio metadata","duration":0.36733300000014424,"failureMessages":[],"meta":{}},{"ancestorTitles":["Audio/Voice Attack Patterns (Story 12.1)","Clean Audio Content"],"fullName":"Audio/Voice Attack Patterns (Story 12.1) Clean Audio Content should allow discussion about audio formats","status":"passed","title":"should allow discussion about audio formats","duration":0.4111250000000837,"failureMessages":[],"meta":{}}],"startTime":1772818844221,"endTime":1772818844708.4111,"status":"passed","message":"","name":"/Users/paultinp/BU-TPI/packages/bu-tpi/src/scanner.test.ts"},{"assertionResults":[{"ancestorTitles":["Agent Sandbox"],"fullName":"Agent Sandbox should create an isolated sandbox","status":"passed","title":"should create an isolated sandbox","duration":0.7604579999999714,"failureMessages":[],"meta":{}},{"ancestorTitles":["Agent Sandbox"],"fullName":"Agent Sandbox should execute actions within sandbox","status":"passed","title":"should execute actions within sandbox","duration":0.17600000000004457,"failureMessages":[],"meta":{}},{"ancestorTitles":["Agent Sandbox"],"fullName":"Agent Sandbox should reject execution in inactive sandbox","status":"passed","title":"should reject execution in inactive sandbox","duration":0.07929200000000947,"failureMessages":[],"meta":{}},{"ancestorTitles":["Agent Sandbox"],"fullName":"Agent Sandbox should check resource limits","status":"passed","title":"should check resource limits","duration":0.0755420000000413,"failureMessages":[],"meta":{}},{"ancestorTitles":["Shared Environment"],"fullName":"Shared Environment should create environment from match config","status":"passed","title":"should create environment from match config","duration":0.12633299999993142,"failureMessages":[],"meta":{}},{"ancestorTitles":["Shared Environment"],"fullName":"Shared Environment should manage resources","status":"passed","title":"should manage resources","duration":0.08804200000008677,"failureMessages":[],"meta":{}},{"ancestorTitles":["Shared Environment"],"fullName":"Shared Environment should handle messages","status":"passed","title":"should handle messages","duration":0.22416599999996834,"failureMessages":[],"meta":{}},{"ancestorTitles":["Shared Environment"],"fullName":"Shared Environment should reset environment","status":"passed","title":"should reset environment","duration":0.08645800000010695,"failureMessages":[],"meta":{}},{"ancestorTitles":["Referee"],"fullName":"Referee should detect filesystem access violation","status":"passed","title":"should detect filesystem access violation","duration":0.18116599999996197,"failureMessages":[],"meta":{}},{"ancestorTitles":["Referee"],"fullName":"Referee should allow safe actions","status":"passed","title":"should allow safe actions","duration":0.23745800000006057,"failureMessages":[],"meta":{}},{"ancestorTitles":["Referee"],"fullName":"Referee should score outcomes","status":"passed","title":"should score outcomes","duration":0.11516699999992852,"failureMessages":[],"meta":{}},{"ancestorTitles":["Match Runner"],"fullName":"Match Runner should create and run a match","status":"passed","title":"should create and run a match","duration":0.33137499999998,"failureMessages":[],"meta":{}},{"ancestorTitles":["Match Runner"],"fullName":"Match Runner should provide match status","status":"passed","title":"should provide match status","duration":0.10104200000000674,"failureMessages":[],"meta":{}},{"ancestorTitles":["Game Modes"],"fullName":"Game Modes should have 3 game modes","status":"passed","title":"should have 3 game modes","duration":0.04716699999994489,"failureMessages":[],"meta":{}},{"ancestorTitles":["Game Modes"],"fullName":"Game Modes should get game mode by name","status":"passed","title":"should get game mode by name","duration":0.060957999999914136,"failureMessages":[],"meta":{}},{"ancestorTitles":["Game Modes"],"fullName":"Game Modes should create game mode config","status":"passed","title":"should create game mode config","duration":0.07637499999998454,"failureMessages":[],"meta":{}},{"ancestorTitles":["Game Modes"],"fullName":"Game Modes should reject wrong agent count","status":"passed","title":"should reject wrong agent count","duration":0.35254199999997127,"failureMessages":[],"meta":{}},{"ancestorTitles":["Observer System"],"fullName":"Observer System should create and use observer","status":"passed","title":"should create and use observer","duration":0.17595800000003692,"failureMessages":[],"meta":{}},{"ancestorTitles":["Observer System"],"fullName":"Observer System should take snapshots","status":"passed","title":"should take snapshots","duration":0.07283300000005966,"failureMessages":[],"meta":{}},{"ancestorTitles":["Observer System"],"fullName":"Observer System should provide replay","status":"passed","title":"should provide replay","duration":0.06541700000002493,"failureMessages":[],"meta":{}}],"startTime":1772818844250,"endTime":1772818844254.0728,"status":"passed","message":"","name":"/Users/paultinp/BU-TPI/packages/bu-tpi/src/arena/arena.test.ts"},{"assertionResults":[{"ancestorTitles":["Lineage Engine"],"fullName":"Lineage Engine should create an empty graph","status":"passed","title":"should create an empty graph","duration":0.6460000000000719,"failureMessages":[],"meta":{}},{"ancestorTitles":["Lineage Engine"],"fullName":"Lineage Engine should add nodes to graph","status":"passed","title":"should add nodes to graph","duration":0.29766700000004676,"failureMessages":[],"meta":{}},{"ancestorTitles":["Lineage Engine"],"fullName":"Lineage Engine should calculate similarity between texts","status":"passed","title":"should calculate similarity between texts","duration":0.20320800000001782,"failureMessages":[],"meta":{}},{"ancestorTitles":["Lineage Engine"],"fullName":"Lineage Engine should analyze lineage and create edges","status":"passed","title":"should analyze lineage and create edges","duration":0.25149999999996453,"failureMessages":[],"meta":{}},{"ancestorTitles":["Lineage Engine"],"fullName":"Lineage Engine should cluster similar attacks","status":"passed","title":"should cluster similar attacks","duration":0.17991600000004837,"failureMessages":[],"meta":{}},{"ancestorTitles":["Lineage Engine"],"fullName":"Lineage Engine should build families from lineage","status":"passed","title":"should build families from lineage","duration":0.21320800000000872,"failureMessages":[],"meta":{}},{"ancestorTitles":["Lineage Engine"],"fullName":"Lineage Engine should hypothesize intermediate links","status":"passed","title":"should hypothesize intermediate links","duration":0.12183399999992162,"failureMessages":[],"meta":{}},{"ancestorTitles":["Lineage Engine"],"fullName":"Lineage Engine should get lineage stats","status":"passed","title":"should get lineage stats","duration":0.1479580000000169,"failureMessages":[],"meta":{}},{"ancestorTitles":["Mutation Detector"],"fullName":"Mutation Detector should detect mutations between parent and child","status":"passed","title":"should detect mutations between parent and child","duration":0.29616699999996854,"failureMessages":[],"meta":{}},{"ancestorTitles":["Mutation Detector"],"fullName":"Mutation Detector should predict next variants","status":"passed","title":"should predict next variants","duration":0.31070899999997437,"failureMessages":[],"meta":{}},{"ancestorTitles":["Mutation Detector"],"fullName":"Mutation Detector should analyze mutation trends","status":"passed","title":"should analyze mutation trends","duration":0.16191700000001674,"failureMessages":[],"meta":{}},{"ancestorTitles":["Graph Builder"],"fullName":"Graph Builder should build visualization graph data","status":"passed","title":"should build visualization graph data","duration":0.48033399999997073,"failureMessages":[],"meta":{}},{"ancestorTitles":["Graph Builder"],"fullName":"Graph Builder should build timeline","status":"passed","title":"should build timeline","duration":0.123958000000016,"failureMessages":[],"meta":{}},{"ancestorTitles":["Graph Builder"],"fullName":"Graph Builder should filter by category","status":"passed","title":"should filter by category","duration":0.14791599999989558,"failureMessages":[],"meta":{}},{"ancestorTitles":["Graph Builder"],"fullName":"Graph Builder should search graph","status":"passed","title":"should search graph","duration":0.0919170000000804,"failureMessages":[],"meta":{}},{"ancestorTitles":["Graph Builder"],"fullName":"Graph Builder should get graph stats","status":"passed","title":"should get graph stats","duration":0.14245800000003328,"failureMessages":[],"meta":{}}],"startTime":1772818844248,"endTime":1772818844252.148,"status":"passed","message":"","name":"/Users/paultinp/BU-TPI/packages/bu-tpi/src/attackdna/attackdna.test.ts"},{"assertionResults":[{"ancestorTitles":["AuditLogger","Basic operations"],"fullName":"AuditLogger Basic operations should start with zero entries","status":"passed","title":"should start with zero entries","duration":0.6640830000000051,"failureMessages":[],"meta":{}},{"ancestorTitles":["AuditLogger","Basic operations"],"fullName":"AuditLogger Basic operations should log a scan operation","status":"passed","title":"should log a scan operation","duration":0.9377920000000586,"failureMessages":[],"meta":{}},{"ancestorTitles":["AuditLogger","Basic operations"],"fullName":"AuditLogger Basic operations should hash input (NOT store content)","status":"passed","title":"should hash input (NOT store content)","duration":0.15762499999993906,"failureMessages":[],"meta":{}},{"ancestorTitles":["AuditLogger","Session scan logging"],"fullName":"AuditLogger Session scan logging should log session scan with turn count","status":"passed","title":"should log session scan with turn count","duration":0.23754199999996217,"failureMessages":[],"meta":{}},{"ancestorTitles":["AuditLogger","Module event logging"],"fullName":"AuditLogger Module event logging should log module registration","status":"passed","title":"should log module registration","duration":0.11320899999998346,"failureMessages":[],"meta":{}},{"ancestorTitles":["AuditLogger","Module event logging"],"fullName":"AuditLogger Module event logging should skip module events at minimal level","status":"passed","title":"should skip module events at minimal level","duration":0.0783329999999296,"failureMessages":[],"meta":{}},{"ancestorTitles":["AuditLogger","Entry retrieval"],"fullName":"AuditLogger Entry retrieval should return newest first","status":"passed","title":"should return newest first","duration":0.10187499999994998,"failureMessages":[],"meta":{}},{"ancestorTitles":["AuditLogger","Entry retrieval"],"fullName":"AuditLogger Entry retrieval should support pagination","status":"passed","title":"should support pagination","duration":0.43879199999992125,"failureMessages":[],"meta":{}},{"ancestorTitles":["AuditLogger","Entry retrieval"],"fullName":"AuditLogger Entry retrieval should filter by operation","status":"passed","title":"should filter by operation","duration":0.10333400000001802,"failureMessages":[],"meta":{}},{"ancestorTitles":["AuditLogger","Export"],"fullName":"AuditLogger Export should export to JSON","status":"passed","title":"should export to JSON","duration":0.16620799999998326,"failureMessages":[],"meta":{}},{"ancestorTitles":["AuditLogger","Export"],"fullName":"AuditLogger Export should export to CSV","status":"passed","title":"should export to CSV","duration":0.15670799999998053,"failureMessages":[],"meta":{}},{"ancestorTitles":["AuditLogger","Retention"],"fullName":"AuditLogger Retention should enforce count-based rotation","status":"passed","title":"should enforce count-based rotation","duration":0.11912500000005366,"failureMessages":[],"meta":{}},{"ancestorTitles":["AuditLogger","Retention"],"fullName":"AuditLogger Retention should clear all entries","status":"passed","title":"should clear all entries","duration":0.07979100000000017,"failureMessages":[],"meta":{}},{"ancestorTitles":["AuditLogger","Configuration"],"fullName":"AuditLogger Configuration should have default config","status":"passed","title":"should have default config","duration":0.049167000000011285,"failureMessages":[],"meta":{}},{"ancestorTitles":["AuditLogger","Configuration"],"fullName":"AuditLogger Configuration should update config","status":"passed","title":"should update config","duration":0.04308400000002166,"failureMessages":[],"meta":{}},{"ancestorTitles":["AuditLogger","Configuration"],"fullName":"AuditLogger Configuration should include metadata at verbose level","status":"passed","title":"should include metadata at verbose level","duration":0.11558300000001509,"failureMessages":[],"meta":{}},{"ancestorTitles":["AuditLogger","Configuration"],"fullName":"AuditLogger Configuration should NOT include metadata at standard level","status":"passed","title":"should NOT include metadata at standard level","duration":0.05308300000001509,"failureMessages":[],"meta":{}}],"startTime":1772818844219,"endTime":1772818844223.1567,"status":"passed","message":"","name":"/Users/paultinp/BU-TPI/packages/bu-tpi/src/audit/audit-logger.test.ts"},{"assertionResults":[{"ancestorTitles":["Grammar"],"fullName":"Grammar should create grammar from rules","status":"passed","title":"should create grammar from rules","duration":0.8917920000000095,"failureMessages":[],"meta":{}},{"ancestorTitles":["Grammar"],"fullName":"Grammar should generate deterministic input","status":"passed","title":"should generate deterministic input","duration":0.28166700000008404,"failureMessages":[],"meta":{}},{"ancestorTitles":["Grammar"],"fullName":"Grammar should generate from different grammars","status":"passed","title":"should generate from different grammars","duration":0.390625,"failureMessages":[],"meta":{}},{"ancestorTitles":["Grammar"],"fullName":"Grammar should mutate existing input","status":"passed","title":"should mutate existing input","duration":0.13695799999993596,"failureMessages":[],"meta":{}},{"ancestorTitles":["Fuzzer"],"fullName":"Fuzzer should create fuzz session","status":"passed","title":"should create fuzz session","duration":0.24420800000007148,"failureMessages":[],"meta":{}},{"ancestorTitles":["Fuzzer"],"fullName":"Fuzzer should run fuzzing session","status":"passed","title":"should run fuzzing session","duration":0.5401249999999891,"failureMessages":[],"meta":{}},{"ancestorTitles":["Fuzzer"],"fullName":"Fuzzer should report coverage stats","status":"passed","title":"should report coverage stats","duration":0.21079100000008566,"failureMessages":[],"meta":{}},{"ancestorTitles":["Fuzzer"],"fullName":"Fuzzer should export results as JSON","status":"passed","title":"should export results as JSON","duration":0.18495800000005147,"failureMessages":[],"meta":{}},{"ancestorTitles":["Fuzzer"],"fullName":"Fuzzer should detect anomalies","status":"passed","title":"should detect anomalies","duration":0.13845900000001166,"failureMessages":[],"meta":{}},{"ancestorTitles":["Benchmark"],"fullName":"Benchmark should calculate classification metrics","status":"passed","title":"should calculate classification metrics","duration":0.1685420000000022,"failureMessages":[],"meta":{}},{"ancestorTitles":["Benchmark"],"fullName":"Benchmark should measure latency","status":"passed","title":"should measure latency","duration":0.12824999999998,"failureMessages":[],"meta":{}},{"ancestorTitles":["Benchmark"],"fullName":"Benchmark should run benchmark suite","status":"passed","title":"should run benchmark suite","duration":0.1585419999998976,"failureMessages":[],"meta":{}},{"ancestorTitles":["Benchmark Comparison"],"fullName":"Benchmark Comparison should compare benchmarks","status":"passed","title":"should compare benchmarks","duration":0.14479100000005474,"failureMessages":[],"meta":{}},{"ancestorTitles":["Benchmark Comparison"],"fullName":"Benchmark Comparison should detect regressions","status":"passed","title":"should detect regressions","duration":0.07829199999991943,"failureMessages":[],"meta":{}},{"ancestorTitles":["Benchmark Comparison"],"fullName":"Benchmark Comparison should format comparison as markdown","status":"passed","title":"should format comparison as markdown","duration":0.13525000000004184,"failureMessages":[],"meta":{}}],"startTime":1772818844159,"endTime":1772818844163.1353,"status":"passed","message":"","name":"/Users/paultinp/BU-TPI/packages/bu-tpi/src/fuzzing/fuzzing.test.ts"},{"assertionResults":[{"ancestorTitles":["Framework Definitions"],"fullName":"Framework Definitions should have 5 frameworks","status":"passed","title":"should have 5 frameworks","duration":0.5864579999999933,"failureMessages":[],"meta":{}},{"ancestorTitles":["Framework Definitions"],"fullName":"Framework Definitions OWASP LLM Top 10 should have 10 controls","status":"passed","title":"OWASP LLM Top 10 should have 10 controls","duration":0.07841700000005858,"failureMessages":[],"meta":{}},{"ancestorTitles":["Framework Definitions"],"fullName":"Framework Definitions all frameworks should have unique IDs","status":"passed","title":"all frameworks should have unique IDs","duration":0.07166699999993398,"failureMessages":[],"meta":{}},{"ancestorTitles":["Mapper"],"fullName":"Mapper should map modules to OWASP controls","status":"passed","title":"should map modules to OWASP controls","duration":0.20629199999996217,"failureMessages":[],"meta":{}},{"ancestorTitles":["Mapper"],"fullName":"Mapper should map fixtures to controls","status":"passed","title":"should map fixtures to controls","duration":0.11079199999994671,"failureMessages":[],"meta":{}},{"ancestorTitles":["Mapper"],"fullName":"Mapper should calculate coverage","status":"passed","title":"should calculate coverage","duration":0.24208400000009078,"failureMessages":[],"meta":{}},{"ancestorTitles":["Mapper"],"fullName":"Mapper should deduplicate mappings","status":"passed","title":"should deduplicate mappings","duration":0.08758399999999256,"failureMessages":[],"meta":{}},{"ancestorTitles":["Delta Reporter"],"fullName":"Delta Reporter should create snapshots","status":"passed","title":"should create snapshots","duration":0.3079999999999927,"failureMessages":[],"meta":{}},{"ancestorTitles":["Delta Reporter"],"fullName":"Delta Reporter should detect changes between snapshots","status":"passed","title":"should detect changes between snapshots","duration":0.21366699999998673,"failureMessages":[],"meta":{}},{"ancestorTitles":["Delta Reporter"],"fullName":"Delta Reporter should generate delta report","status":"passed","title":"should generate delta report","duration":0.23550000000000182,"failureMessages":[],"meta":{}},{"ancestorTitles":["Delta Reporter"],"fullName":"Delta Reporter should detect module changes","status":"passed","title":"should detect module changes","duration":0.394457999999986,"failureMessages":[],"meta":{}},{"ancestorTitles":["Report Generator"],"fullName":"Report Generator should generate full report","status":"passed","title":"should generate full report","duration":0.2430419999999458,"failureMessages":[],"meta":{}},{"ancestorTitles":["Report Generator"],"fullName":"Report Generator should format as markdown","status":"passed","title":"should format as markdown","duration":0.23670800000002146,"failureMessages":[],"meta":{}},{"ancestorTitles":["Report Generator"],"fullName":"Report Generator should format as JSON","status":"passed","title":"should format as JSON","duration":0.23912499999994452,"failureMessages":[],"meta":{}}],"startTime":1772818844242,"endTime":1772818844245.2432,"status":"passed","message":"","name":"/Users/paultinp/BU-TPI/packages/bu-tpi/src/compliance/compliance.test.ts"},{"assertionResults":[{"ancestorTitles":["Seed Library"],"fullName":"Seed Library should extract seeds from attack fixtures only","status":"passed","title":"should extract seeds from attack fixtures only","duration":0.8171659999999292,"failureMessages":[],"meta":{}},{"ancestorTitles":["Seed Library"],"fullName":"Seed Library should skip clean fixtures","status":"passed","title":"should skip clean fixtures","duration":0.11116600000002563,"failureMessages":[],"meta":{}},{"ancestorTitles":["Seed Library"],"fullName":"Seed Library should extract primitives from seed content","status":"passed","title":"should extract primitives from seed content","duration":0.18070799999998144,"failureMessages":[],"meta":{}},{"ancestorTitles":["Seed Library"],"fullName":"Seed Library should categorize seeds by category","status":"passed","title":"should categorize seeds by category","duration":0.09983299999998962,"failureMessages":[],"meta":{}},{"ancestorTitles":["Seed Library"],"fullName":"Seed Library should compute seed stats","status":"passed","title":"should compute seed stats","duration":0.11233400000003257,"failureMessages":[],"meta":{}},{"ancestorTitles":["Mutation Engine"],"fullName":"Mutation Engine SeededRNG produces deterministic output","status":"passed","title":"SeededRNG produces deterministic output","duration":0.10354099999995015,"failureMessages":[],"meta":{}},{"ancestorTitles":["Mutation Engine"],"fullName":"Mutation Engine characterSubstitution replaces characters with homoglyphs","status":"passed","title":"characterSubstitution replaces characters with homoglyphs","duration":0.13325000000008913,"failureMessages":[],"meta":{}},{"ancestorTitles":["Mutation Engine"],"fullName":"Mutation Engine encodingWrapping applies encoding layer","status":"passed","title":"encodingWrapping applies encoding layer","duration":0.5410419999999476,"failureMessages":[],"meta":{}},{"ancestorTitles":["Mutation Engine"],"fullName":"Mutation Engine instructionParaphrasing replaces keywords","status":"passed","title":"instructionParaphrasing replaces keywords","duration":0.3592080000000806,"failureMessages":[],"meta":{}},{"ancestorTitles":["Mutation Engine"],"fullName":"Mutation Engine structuralRearrangement shuffles sections","status":"passed","title":"structuralRearrangement shuffles sections","duration":0.17466699999999946,"failureMessages":[],"meta":{}},{"ancestorTitles":["Mutation Engine"],"fullName":"Mutation Engine delimiterInjection wraps in delimiters","status":"passed","title":"delimiterInjection wraps in delimiters","duration":0.0933749999999236,"failureMessages":[],"meta":{}},{"ancestorTitles":["Mutation Engine"],"fullName":"Mutation Engine contextFraming wraps in benign context","status":"passed","title":"contextFraming wraps in benign context","duration":0.1284579999999096,"failureMessages":[],"meta":{}},{"ancestorTitles":["Mutation Engine"],"fullName":"Mutation Engine applyRandomMutation picks a random operator","status":"passed","title":"applyRandomMutation picks a random operator","duration":0.385167000000024,"failureMessages":[],"meta":{}},{"ancestorTitles":["Mutation Engine"],"fullName":"Mutation Engine applyMutationChain applies multiple mutations","status":"passed","title":"applyMutationChain applies multiple mutations","duration":0.1775830000000269,"failureMessages":[],"meta":{}},{"ancestorTitles":["Mutation Engine"],"fullName":"Mutation Engine rejects oversized input","status":"passed","title":"rejects oversized input","duration":0.05037500000003092,"failureMessages":[],"meta":{}},{"ancestorTitles":["Content Safety"],"fullName":"Content Safety should pass benign content","status":"passed","title":"should pass benign content","duration":0.5089169999999967,"failureMessages":[],"meta":{}},{"ancestorTitles":["Content Safety"],"fullName":"Content Safety should flag destructive commands","status":"passed","title":"should flag destructive commands","duration":0.549541999999974,"failureMessages":[],"meta":{}},{"ancestorTitles":["Content Safety"],"fullName":"Content Safety should flag weapon instructions","status":"passed","title":"should flag weapon instructions","duration":0.03954199999998309,"failureMessages":[],"meta":{}},{"ancestorTitles":["Content Safety"],"fullName":"Content Safety should calculate harm score","status":"passed","title":"should calculate harm score","duration":0.048417000000085864,"failureMessages":[],"meta":{}},{"ancestorTitles":["Content Safety"],"fullName":"Content Safety should sanitize SSN-like patterns","status":"passed","title":"should sanitize SSN-like patterns","duration":0.15683400000000347,"failureMessages":[],"meta":{}},{"ancestorTitles":["Genetic Core"],"fullName":"Genetic Core should create initial population from seeds","status":"passed","title":"should create initial population from seeds","duration":0.1449999999999818,"failureMessages":[],"meta":{}},{"ancestorTitles":["Genetic Core"],"fullName":"Genetic Core should evaluate fitness","status":"passed","title":"should evaluate fitness","duration":0.22479199999997945,"failureMessages":[],"meta":{}},{"ancestorTitles":["Genetic Core"],"fullName":"Genetic Core should crossover two parents","status":"passed","title":"should crossover two parents","duration":0.17391599999996288,"failureMessages":[],"meta":{}},{"ancestorTitles":["Genetic Core"],"fullName":"Genetic Core should mutate an individual","status":"passed","title":"should mutate an individual","duration":0.13012500000002092,"failureMessages":[],"meta":{}},{"ancestorTitles":["Genetic Core"],"fullName":"Genetic Core should select from population with elitism","status":"passed","title":"should select from population with elitism","duration":0.09900000000004638,"failureMessages":[],"meta":{}},{"ancestorTitles":["Genetic Core"],"fullName":"Genetic Core should run evolution with convergence detection","status":"passed","title":"should run evolution with convergence detection","duration":2.8227909999999383,"failureMessages":[],"meta":{}},{"ancestorTitles":["Quarantine"],"fullName":"Quarantine should quarantine a variant","status":"passed","title":"should quarantine a variant","duration":0.20070799999996325,"failureMessages":[],"meta":{}},{"ancestorTitles":["Quarantine"],"fullName":"Quarantine should approve and reject variants","status":"passed","title":"should approve and reject variants","duration":0.1150000000000091,"failureMessages":[],"meta":{}},{"ancestorTitles":["Quarantine"],"fullName":"Quarantine should track stats","status":"passed","title":"should track stats","duration":0.09483299999999417,"failureMessages":[],"meta":{}},{"ancestorTitles":["Reasoning Lab"],"fullName":"Reasoning Lab should create a reasoning chain","status":"passed","title":"should create a reasoning chain","duration":0.07675000000006094,"failureMessages":[],"meta":{}},{"ancestorTitles":["Reasoning Lab"],"fullName":"Reasoning Lab should apply chain injection","status":"passed","title":"should apply chain injection","duration":0.11437499999999545,"failureMessages":[],"meta":{}},{"ancestorTitles":["Reasoning Lab"],"fullName":"Reasoning Lab should apply step manipulation","status":"passed","title":"should apply step manipulation","duration":0.20791700000006585,"failureMessages":[],"meta":{}},{"ancestorTitles":["Reasoning Lab"],"fullName":"Reasoning Lab should apply conclusion poisoning","status":"passed","title":"should apply conclusion poisoning","duration":0.12491600000009839,"failureMessages":[],"meta":{}},{"ancestorTitles":["Reasoning Lab"],"fullName":"Reasoning Lab should render a chain as text","status":"passed","title":"should render a chain as text","duration":0.06274999999993724,"failureMessages":[],"meta":{}},{"ancestorTitles":["Reasoning Lab"],"fullName":"Reasoning Lab should generate all CoT attack variants","status":"passed","title":"should generate all CoT attack variants","duration":0.1490000000000009,"failureMessages":[],"meta":{}},{"ancestorTitles":["Embeddings Explorer"],"fullName":"Embeddings Explorer should build vocabulary from texts","status":"passed","title":"should build vocabulary from texts","duration":0.14145800000005693,"failureMessages":[],"meta":{}},{"ancestorTitles":["Embeddings Explorer"],"fullName":"Embeddings Explorer should generate embeddings for seeds","status":"passed","title":"should generate embeddings for seeds","duration":0.21279200000003584,"failureMessages":[],"meta":{}},{"ancestorTitles":["Embeddings Explorer"],"fullName":"Embeddings Explorer should calculate cosine similarity","status":"passed","title":"should calculate cosine similarity","duration":0.07245899999998073,"failureMessages":[],"meta":{}},{"ancestorTitles":["Embeddings Explorer"],"fullName":"Embeddings Explorer should calculate euclidean distance","status":"passed","title":"should calculate euclidean distance","duration":0.04429199999992761,"failureMessages":[],"meta":{}},{"ancestorTitles":["Embeddings Explorer"],"fullName":"Embeddings Explorer should reduce embeddings to 3D","status":"passed","title":"should reduce embeddings to 3D","duration":0.2350420000000213,"failureMessages":[],"meta":{}},{"ancestorTitles":["Embeddings Explorer"],"fullName":"Embeddings Explorer should cluster embeddings","status":"passed","title":"should cluster embeddings","duration":0.3472500000000309,"failureMessages":[],"meta":{}}],"startTime":1772818844194,"endTime":1772818844205.3472,"status":"passed","message":"","name":"/Users/paultinp/BU-TPI/packages/bu-tpi/src/sage/sage.test.ts"},{"assertionResults":[{"ancestorTitles":["bias-detector (S32c)","Module Registration"],"fullName":"bias-detector (S32c) Module Registration should be registered","status":"passed","title":"should be registered","duration":0.59699999999998,"failureMessages":[],"meta":{}},{"ancestorTitles":["bias-detector (S32c)","Module Registration"],"fullName":"bias-detector (S32c) Module Registration should have correct metadata","status":"passed","title":"should have correct metadata","duration":0.07495800000003783,"failureMessages":[],"meta":{}},{"ancestorTitles":["bias-detector (S32c)","Module Registration"],"fullName":"bias-detector (S32c) Module Registration should have positive pattern count","status":"passed","title":"should have positive pattern count","duration":0.09349999999994907,"failureMessages":[],"meta":{}},{"ancestorTitles":["bias-detector (S32c)","Module Registration"],"fullName":"bias-detector (S32c) Module Registration should have 9 pattern groups","status":"passed","title":"should have 9 pattern groups","duration":0.43762500000002547,"failureMessages":[],"meta":{}},{"ancestorTitles":["bias-detector (S32c)","Demographic Ranking"],"fullName":"bias-detector (S32c) Demographic Ranking should detect demographic ranking directive","status":"passed","title":"should detect demographic ranking directive","duration":3.399208000000044,"failureMessages":[],"meta":{}},{"ancestorTitles":["bias-detector (S32c)","Demographic Ranking"],"fullName":"bias-detector (S32c) Demographic Ranking should detect group hierarchy notation","status":"passed","title":"should detect group hierarchy notation","duration":0.7538749999999936,"failureMessages":[],"meta":{}},{"ancestorTitles":["bias-detector (S32c)","Confirmation Bias"],"fullName":"bias-detector (S32c) Confirmation Bias should detect belief amplification","status":"passed","title":"should detect belief amplification","duration":0.23116600000003018,"failureMessages":[],"meta":{}},{"ancestorTitles":["bias-detector (S32c)","Confirmation Bias"],"fullName":"bias-detector (S32c) Confirmation Bias should detect dissent suppression","status":"passed","title":"should detect dissent suppression","duration":0.08341700000005403,"failureMessages":[],"meta":{}},{"ancestorTitles":["bias-detector (S32c)","Fairness Override"],"fullName":"bias-detector (S32c) Fairness Override should detect fairness disable","status":"passed","title":"should detect fairness disable","duration":0.07766700000001947,"failureMessages":[],"meta":{}},{"ancestorTitles":["bias-detector (S32c)","Stereotypes"],"fullName":"bias-detector (S32c) Stereotypes should detect universal stereotype","status":"passed","title":"should detect universal stereotype","duration":0.08420799999998962,"failureMessages":[],"meta":{}},{"ancestorTitles":["bias-detector (S32c)","Stereotypes"],"fullName":"bias-detector (S32c) Stereotypes should detect cultural assumption directive","status":"passed","title":"should detect cultural assumption directive","duration":0.06500000000005457,"failureMessages":[],"meta":{}},{"ancestorTitles":["bias-detector (S32c)","Stereotypes"],"fullName":"bias-detector (S32c) Stereotypes should detect trait mapping","status":"passed","title":"should detect trait mapping","duration":0.05462499999998727,"failureMessages":[],"meta":{}},{"ancestorTitles":["bias-detector (S32c)","Output Directives"],"fullName":"bias-detector (S32c) Output Directives should detect biased output directive","status":"passed","title":"should detect biased output directive","duration":0.058082999999896856,"failureMessages":[],"meta":{}},{"ancestorTitles":["bias-detector (S32c)","Custom Detector"],"fullName":"bias-detector (S32c) Custom Detector should detect multiple demographic terms with action verbs","status":"passed","title":"should detect multiple demographic terms with action verbs","duration":0.1307080000000269,"failureMessages":[],"meta":{}},{"ancestorTitles":["bias-detector (S32c)","Clean Content"],"fullName":"bias-detector (S32c) Clean Content should not flag balanced discussion request","status":"passed","title":"should not flag balanced discussion request","duration":0.3279579999999669,"failureMessages":[],"meta":{}},{"ancestorTitles":["bias-detector (S32c)","Clean Content"],"fullName":"bias-detector (S32c) Clean Content should not flag inclusive education question","status":"passed","title":"should not flag inclusive education question","duration":0.1169999999999618,"failureMessages":[],"meta":{}},{"ancestorTitles":["bias-detector (S32c)","Clean Content"],"fullName":"bias-detector (S32c) Clean Content should not flag objective statistics request","status":"passed","title":"should not flag objective statistics request","duration":0.094333000000006,"failureMessages":[],"meta":{}},{"ancestorTitles":["bias-detector (S32c)","Clean Content"],"fullName":"bias-detector (S32c) Clean Content should not flag diversity best practices","status":"passed","title":"should not flag diversity best practices","duration":0.09100000000000819,"failureMessages":[],"meta":{}}],"startTime":1772818844109,"endTime":1772818844116.328,"status":"passed","message":"","name":"/Users/paultinp/BU-TPI/packages/bu-tpi/src/modules/bias-detector.test.ts"},{"assertionResults":[{"ancestorTitles":["Data Provenance Module","Module metadata"],"fullName":"Data Provenance Module Module metadata should have correct module metadata","status":"passed","title":"should have correct module metadata","duration":1.052000000000021,"failureMessages":[],"meta":{}},{"ancestorTitles":["Data Provenance Module","Module metadata"],"fullName":"Data Provenance Module Module metadata should report pattern groups","status":"passed","title":"should report pattern groups","duration":0.11808300000006966,"failureMessages":[],"meta":{}},{"ancestorTitles":["Data Provenance Module","Module metadata"],"fullName":"Data Provenance Module Module metadata should report total pattern count >= 15","status":"passed","title":"should report total pattern count >= 15","duration":0.09695899999996982,"failureMessages":[],"meta":{}},{"ancestorTitles":["Data Provenance Module","Data Origin Detection"],"fullName":"Data Provenance Module Data Origin Detection should detect training data claims","status":"passed","title":"should detect training data claims","duration":1.4450420000000577,"failureMessages":[],"meta":{}},{"ancestorTitles":["Data Provenance Module","Data Origin Detection"],"fullName":"Data Provenance Module Data Origin Detection should detect dataset references","status":"passed","title":"should detect dataset references","duration":0.2007499999999709,"failureMessages":[],"meta":{}},{"ancestorTitles":["Data Provenance Module","Data Origin Detection"],"fullName":"Data Provenance Module Data Origin Detection should detect known training datasets","status":"passed","title":"should detect known training datasets","duration":0.06758400000001075,"failureMessages":[],"meta":{}},{"ancestorTitles":["Data Provenance Module","Data Origin Detection"],"fullName":"Data Provenance Module Data Origin Detection should detect copyright data usage claims","status":"passed","title":"should detect copyright data usage claims","duration":0.06462499999997817,"failureMessages":[],"meta":{}},{"ancestorTitles":["Data Provenance Module","Model Provenance Detection"],"fullName":"Data Provenance Module Model Provenance Detection should detect fine-tuning markers","status":"passed","title":"should detect fine-tuning markers","duration":0.07037500000001273,"failureMessages":[],"meta":{}},{"ancestorTitles":["Data Provenance Module","Model Provenance Detection"],"fullName":"Data Provenance Module Model Provenance Detection should detect LoRA signatures","status":"passed","title":"should detect LoRA signatures","duration":0.07104100000003655,"failureMessages":[],"meta":{}},{"ancestorTitles":["Data Provenance Module","Model Provenance Detection"],"fullName":"Data Provenance Module Model Provenance Detection should detect quantization markers","status":"passed","title":"should detect quantization markers","duration":0.07549999999991996,"failureMessages":[],"meta":{}},{"ancestorTitles":["Data Provenance Module","Model Provenance Detection"],"fullName":"Data Provenance Module Model Provenance Detection should detect base model derivation","status":"passed","title":"should detect base model derivation","duration":0.05208300000003874,"failureMessages":[],"meta":{}},{"ancestorTitles":["Data Provenance Module","Watermark Detection"],"fullName":"Data Provenance Module Watermark Detection should detect AI-generated content markers","status":"passed","title":"should detect AI-generated content markers","duration":0.04900000000009186,"failureMessages":[],"meta":{}},{"ancestorTitles":["Data Provenance Module","Watermark Detection"],"fullName":"Data Provenance Module Watermark Detection should detect C2PA markers","status":"passed","title":"should detect C2PA markers","duration":0.04583399999989979,"failureMessages":[],"meta":{}},{"ancestorTitles":["Data Provenance Module","Watermark Detection"],"fullName":"Data Provenance Module Watermark Detection should detect specific AI model attribution","status":"passed","title":"should detect specific AI model attribution","duration":0.04374999999993179,"failureMessages":[],"meta":{}},{"ancestorTitles":["Data Provenance Module","Performance"],"fullName":"Data Provenance Module Performance should scan in <50ms for typical input","status":"passed","title":"should scan in <50ms for typical input","duration":0.24062500000002274,"failureMessages":[],"meta":{}}],"startTime":1772818844219,"endTime":1772818844222.2407,"status":"passed","message":"","name":"/Users/paultinp/BU-TPI/packages/bu-tpi/src/modules/data-provenance.test.ts"},{"assertionResults":[{"ancestorTitles":["Deepfake Detector Module","Module metadata"],"fullName":"Deepfake Detector Module Module metadata should have correct module metadata","status":"passed","title":"should have correct module metadata","duration":0.5740830000000869,"failureMessages":[],"meta":{}},{"ancestorTitles":["Deepfake Detector Module","Module metadata"],"fullName":"Deepfake Detector Module Module metadata should report pattern groups","status":"passed","title":"should report pattern groups","duration":0.1107080000000451,"failureMessages":[],"meta":{}},{"ancestorTitles":["Deepfake Detector Module","Module metadata"],"fullName":"Deepfake Detector Module Module metadata should report total pattern count >= 15","status":"passed","title":"should report total pattern count >= 15","duration":0.09258299999999053,"failureMessages":[],"meta":{}},{"ancestorTitles":["Deepfake Detector Module","Synthetic Text Detection"],"fullName":"Deepfake Detector Module Synthetic Text Detection should detect AI text disclosure","status":"passed","title":"should detect AI text disclosure","duration":1.7279580000000578,"failureMessages":[],"meta":{}},{"ancestorTitles":["Deepfake Detector Module","Synthetic Text Detection"],"fullName":"Deepfake Detector Module Synthetic Text Detection should detect text watermark signals","status":"passed","title":"should detect text watermark signals","duration":0.34837500000003274,"failureMessages":[],"meta":{}},{"ancestorTitles":["Deepfake Detector Module","AI Image Detection"],"fullName":"Deepfake Detector Module AI Image Detection should detect Stable Diffusion reference","status":"passed","title":"should detect Stable Diffusion reference","duration":0.06900000000007367,"failureMessages":[],"meta":{}},{"ancestorTitles":["Deepfake Detector Module","AI Image Detection"],"fullName":"Deepfake Detector Module AI Image Detection should detect image generation metadata","status":"passed","title":"should detect image generation metadata","duration":0.06666600000005474,"failureMessages":[],"meta":{}},{"ancestorTitles":["Deepfake Detector Module","AI Image Detection"],"fullName":"Deepfake Detector Module AI Image Detection should detect deepfake face manipulation","status":"passed","title":"should detect deepfake face manipulation","duration":0.0795420000000604,"failureMessages":[],"meta":{}},{"ancestorTitles":["Deepfake Detector Module","AI Image Dete
[...]
reset finds by id","duration":0.09270899999989979,"failureMessages":[],"meta":{}},{"ancestorTitles":["Presets"],"fullName":"Presets getPreset returns undefined for unknown id","status":"passed","title":"getPreset returns undefined for unknown id","duration":0.03433400000005804,"failureMessages":[],"meta":{}},{"ancestorTitles":["Presets"],"fullName":"Presets all cloud presets have HTTPS base URLs","status":"passed","title":"all cloud presets have HTTPS base URLs","duration":0.45812499999999545,"failureMessages":[],"meta":{}},{"ancestorTitles":["Presets"],"fullName":"Presets all presets have unique IDs","status":"passed","title":"all presets have unique IDs","duration":0.050208999999995285,"failureMessages":[],"meta":{}},{"ancestorTitles":["Presets"],"fullName":"Presets all presets have required fields","status":"passed","title":"all presets have required fields","duration":2.2847909999999274,"failureMessages":[],"meta":{}},{"ancestorTitles":["Presets"],"fullName":"Presets presets are frozen (immutable)","status":"passed","title":"presets are frozen (immutable)","duration":0.3781669999999622,"failureMessages":[],"meta":{}},{"ancestorTitles":["Config Loader"],"fullName":"Config Loader returns empty array when no config file exists","status":"passed","title":"returns empty array when no config file exists","duration":0.9947909999999638,"failureMessages":[],"meta":{}},{"ancestorTitles":["Config Loader"],"fullName":"Config Loader loads valid config with env var references","status":"passed","title":"loads valid config with env var references","duration":1.6638750000000755,"failureMessages":[],"meta":{}},{"ancestorTitles":["Config Loader"],"fullName":"Config Loader rejects literal API keys","status":"passed","title":"rejects literal API keys","duration":0.8226250000000164,"failureMessages":[],"meta":{}},{"ancestorTitles":["Config Loader"],"fullName":"Config Loader rejects non-allowlisted env vars","status":"passed","title":"rejects non-allowlisted env vars","duration":0.6739169999999604,"failureMessages":[],"meta":{}},{"ancestorTitles":["Config Loader"],"fullName":"Config Loader rejects ${GITHUB_TOKEN}","status":"passed","title":"rejects ${GITHUB_TOKEN}","duration":0.49379099999998743,"failureMessages":[],"meta":{}},{"ancestorTitles":["Config Loader"],"fullName":"Config Loader rejects ${AWS_SECRET_ACCESS_KEY}","status":"passed","title":"rejects ${AWS_SECRET_ACCESS_KEY}","duration":0.5020419999999604,"failureMessages":[],"meta":{}},{"ancestorTitles":["Config Loader"],"fullName":"Config Loader validates required fields","status":"passed","title":"validates required fields","duration":0.45637499999998,"failureMessages":[],"meta":{}},{"ancestorTitles":["Config Loader"],"fullName":"Config Loader loads from explicit configPath","status":"passed","title":"loads from explicit configPath","duration":0.4307080000000951,"failureMessages":[],"meta":{}},{"ancestorTitles":["Config Loader"],"fullName":"Config Loader throws for non-existent explicit configPath","status":"passed","title":"throws for non-existent explicit configPath","duration":0.24749999999994543,"failureMessages":[],"meta":{}},{"ancestorTitles":["Config Loader"],"fullName":"Config Loader handles empty providers array","status":"passed","title":"handles empty providers array","duration":0.4238750000000664,"failureMessages":[],"meta":{}}],"startTime":1772818844243,"endTime":1772818844255.4307,"status":"passed","message":"","name":"/Users/paultinp/BU-TPI/packages/bu-tpi/src/llm/registry.test.ts"},{"assertionResults":[{"ancestorTitles":["validateProviderUrl","valid external URLs"],"fullName":"validateProviderUrl valid external URLs allows HTTPS URLs to known providers","status":"passed","title":"allows HTTPS URLs to known providers","duration":0.9202920000000177,"failureMessages":[],"meta":{}},{"ancestorTitles":["validateProviderUrl","valid external URLs"],"fullName":"validateProviderUrl valid external URLs allows HTTPS to arbitrary external hosts","status":"passed","title":"allows HTTPS to arbitrary external hosts","duration":0.08487500000001091,"failureMessages":[],"meta":{}},{"ancestorTitles":["validateProviderUrl","blocked internal addresses"],"fullName":"validateProviderUrl blocked internal addresses blocks RFC1918 addresses","status":"passed","title":"blocks RFC1918 addresses","duration":0.10870799999997871,"failureMessages":[],"meta":{}},{"ancestorTitles":["validateProviderUrl","blocked internal addresses"],"fullName":"validateProviderUrl blocked internal addresses blocks loopback addresses (non-local mode)","status":"passed","title":"blocks loopback addresses (non-local mode)","duration":0.07854199999997036,"failureMessages":[],"meta":{}},{"ancestorTitles":["validateProviderUrl","blocked internal addresses"],"fullName":"validateProviderUrl blocked internal addresses blocks link-local addresses","status":"passed","title":"blocks link-local addresses","duration":0.0637499999999136,"failureMessages":[],"meta":{}},{"ancestorTitles":["validateProviderUrl","blocked internal addresses"],"fullName":"validateProviderUrl blocked internal addresses blocks cloud metadata endpoints","status":"passed","title":"blocks cloud metadata endpoints","duration":0.0653749999999036,"failureMessages":[],"meta":{}},{"ancestorTitles":["validateProviderUrl","blocked internal addresses"],"fullName":"validateProviderUrl blocked internal addresses blocks IPv6 loopback and reserved","status":"passed","title":"blocks IPv6 loopback and reserved","duration":0.05945899999994708,"failureMessages":[],"meta":{}},{"ancestorTitles":["validateProviderUrl","blocked internal addresses"],"fullName":"validateProviderUrl blocked internal addresses blocks hex-encoded IPs (0x7f000001 = 127.0.0.1)","status":"passed","title":"blocks hex-encoded IPs (0x7f000001 = 127.0.0.1)","duration":0.05012499999997999,"failureMessages":[],"meta":{}},{"ancestorTitles":["validateProviderUrl","blocked internal addresses"],"fullName":"validateProviderUrl blocked internal addresses blocks integer IP representation","status":"passed","title":"blocks integer IP representation","duration":0.0519170000000031,"failureMessages":[],"meta":{}},{"ancestorTitles":["validateProviderUrl","blocked internal addresses"],"fullName":"validateProviderUrl blocked internal addresses blocks octal IP representation","status":"passed","title":"blocks octal IP representation","duration":0.06141700000000583,"failureMessages":[],"meta":{}},{"ancestorTitles":["validateProviderUrl","blocked schemes"],"fullName":"validateProviderUrl blocked schemes blocks file:// URLs","status":"passed","title":"blocks file:// URLs","duration":0.040208000000006905,"failureMessages":[],"meta":{}},{"ancestorTitles":["validateProviderUrl","blocked schemes"],"fullName":"validateProviderUrl blocked schemes blocks ftp:// URLs","status":"passed","title":"blocks ftp:// URLs","duration":0.034708000000023276,"failureMessages":[],"meta":{}},{"ancestorTitles":["validateProviderUrl","blocked schemes"],"fullName":"validateProviderUrl blocked schemes blocks gopher:// URLs","status":"passed","title":"blocks gopher:// URLs","duration":0.03366700000003675,"failureMessages":[],"meta":{}},{"ancestorTitles":["validateProviderUrl","blocked schemes"],"fullName":"validateProviderUrl blocked schemes blocks data: URLs","status":"passed","title":"blocks data: URLs","duration":0.0338329999999587,"failureMessages":[],"meta":{}},{"ancestorTitles":["validateProviderUrl","embedded credentials"],"fullName":"validateProviderUrl embedded credentials rejects URLs with embedded user:pass","status":"passed","title":"rejects URLs with embedded user:pass","duration":0.04991600000005292,"failureMessages":[],"meta":{}},{"ancestorTitles":["validateProviderUrl","local provider mode (isLocal=true)"],"fullName":"validateProviderUrl local provider mode (isLocal=true) allows localhost with allowed ports","status":"passed","title":"allows localhost with allowed ports","duration":0.07054200000004585,"failureMessages":[],"meta":{}},{"ancestorTitles":["validateProviderUrl","local provider mode (isLocal=true)"],"fullName":"validateProviderUrl local provider mode (isLocal=true) blocks localhost with non-allowed ports","status":"passed","title":"blocks localhost with non-allowed ports","duration":0.046959000000015294,"failureMessages":[],"meta":{}},{"ancestorTitles":["validateProviderUrl","local provider mode (isLocal=true)"],"fullName":"validateProviderUrl local provider mode (isLocal=true) still blocks non-local addresses in local mode","status":"passed","title":"still blocks non-local addresses in local mode","duration":0.05083400000000893,"failureMessages":[],"meta":{}},{"ancestorTitles":["validateProviderUrl","HTTP vs HTTPS enforcement"],"fullName":"validateProviderUrl HTTP vs HTTPS enforcement requires HTTPS for external URLs","status":"passed","title":"requires HTTPS for external URLs","duration":0.036207999999987805,"failureMessages":[],"meta":{}},{"ancestorTitles":["validateProviderUrl","malformed URLs"],"fullName":"validateProviderUrl malformed URLs rejects invalid URLs","status":"passed","title":"rejects invalid URLs","duration":0.0811670000000504,"failureMessages":[],"meta":{}},{"ancestorTitles":["sanitizeCredentials"],"fullName":"sanitizeCredentials redacts OpenAI API keys in strings","status":"passed","title":"redacts OpenAI API keys in strings","duration":0.1997079999999869,"failureMessages":[],"meta":{}},{"ancestorTitles":["sanitizeCredentials"],"fullName":"sanitizeCredentials redacts Anthropic API keys","status":"passed","title":"redacts Anthropic API keys","duration":0.056874999999990905,"failureMessages":[],"meta":{}},{"ancestorTitles":["sanitizeCredentials"],"fullName":"sanitizeCredentials redacts Google API keys","status":"passed","title":"redacts Google API keys","duration":0.03466699999989942,"failureMessages":[],"meta":{}},{"ancestorTitles":["sanitizeCredentials"],"fullName":"sanitizeCredentials redacts Groq API keys","status":"passed","title":"redacts Groq API keys","duration":0.033625000000029104,"failureMessages":[],"meta":{}},{"ancestorTitles":["sanitizeCredentials"],"fullName":"sanitizeCredentials redacts Bearer tokens","status":"passed","title":"redacts Bearer tokens","duration":0.03691599999990558,"failureMessages":[],"meta":{}},{"ancestorTitles":["sanitizeCredentials"],"fullName":"sanitizeCredentials masks credential object keys","status":"passed","title":"masks credential object keys","duration":0.08262500000000728,"failureMessages":[],"meta":{}},{"ancestorTitles":["sanitizeCredentials"],"fullName":"sanitizeCredentials handles deeply nested objects","status":"passed","title":"handles deeply nested objects","duration":0.05412499999999909,"failureMessages":[],"meta":{}},{"ancestorTitles":["sanitizeCredentials"],"fullName":"sanitizeCredentials handles arrays","status":"passed","title":"handles arrays","duration":0.07087500000000091,"failureMessages":[],"meta":{}},{"ancestorTitles":["sanitizeCredentials"],"fullName":"sanitizeCredentials handles null and undefined","status":"passed","title":"handles null and undefined","duration":0.06358299999999417,"failureMessages":[],"meta":{}},{"ancestorTitles":["sanitizeCredentials"],"fullName":"sanitizeCredentials handles primitives","status":"passed","title":"handles primitives","duration":0.045250000000010004,"failureMessages":[],"meta":{}},{"ancestorTitles":["sanitizeCredentials"],"fullName":"sanitizeCredentials prevents stack overflow on deep nesting","status":"passed","title":"prevents stack overflow on deep nesting","duration":0.07241699999997309,"failureMessages":[],"meta":{}},{"ancestorTitles":["sanitizeCredentials"],"fullName":"sanitizeCredentials sanitizes URL strings with auth params","status":"passed","title":"sanitizes URL strings with auth params","duration":0.45804099999998016,"failureMessages":[],"meta":{}},{"ancestorTitles":["sanitizeCredentials"],"fullName":"sanitizeCredentials masks short credential values completely","status":"passed","title":"masks short credential values completely","duration":0.04345800000010058,"failureMessages":[],"meta":{}},{"ancestorTitles":["validateJsonPath","valid paths"],"fullName":"validateJsonPath valid paths allows simple property access","status":"passed","title":"allows simple property access","duration":0.15812499999992724,"failureMessages":[],"meta":{}},{"ancestorTitles":["validateJsonPath","valid paths"],"fullName":"validateJsonPath valid paths allows dot-notation paths","status":"passed","title":"allows dot-notation paths","duration":0.04983399999991889,"failureMessages":[],"meta":{}},{"ancestorTitles":["validateJsonPath","valid paths"],"fullName":"validateJsonPath valid paths allows array index access","status":"passed","title":"allows array index access","duration":0.04879199999993489,"failureMessages":[],"meta":{}},{"ancestorTitles":["validateJsonPath","valid paths"],"fullName":"validateJsonPath valid paths allows underscore-prefixed identifiers","status":"passed","title":"allows underscore-prefixed identifiers","duration":0.03495800000007421,"failureMessages":[],"meta":{}},{"ancestorTitles":["validateJsonPath","blocked paths"],"fullName":"validateJsonPath blocked paths blocks __proto__","status":"passed","title":"blocks __proto__","duration":0.05904099999997925,"failureMessages":[],"meta":{}},{"ancestorTitles":["validateJsonPath","blocked paths"],"fullName":"validateJsonPath blocked paths blocks constructor","status":"passed","title":"blocks constructor","duration":0.04345899999998437,"failureMessages":[],"meta":{}},{"ancestorTitles":["validateJsonPath","blocked paths"],"fullName":"validateJsonPath blocked paths blocks prototype","status":"passed","title":"blocks prototype","duration":0.04337499999996908,"failureMessages":[],"meta":{}},{"ancestorTitles":["validateJsonPath","rejected patterns"],"fullName":"validateJsonPath rejected patterns rejects paths with parentheses (function calls)","status":"passed","title":"rejects paths with parentheses (function calls)","duration":0.04316599999992832,"failureMessages":[],"meta":{}},{"ancestorTitles":["validateJsonPath","rejected patterns"],"fullName":"validateJsonPath rejected patterns rejects paths with backticks","status":"passed","title":"rejects paths with backticks","duration":0.03029100000003382,"failureMessages":[],"meta":{}},{"ancestorTitles":["validateJsonPath","rejected patterns"],"fullName":"validateJsonPath rejected patterns rejects paths with semicolons","status":"passed","title":"rejects paths with semicolons","duration":0.030208000000016,"failureMessages":[],"meta":{}},{"ancestorTitles":["validateJsonPath","rejected patterns"],"fullName":"validateJsonPath rejected patterns rejects expressions","status":"passed","title":"rejects expressions","duration":0.04054200000007313,"failureMessages":[],"meta":{}},{"ancestorTitles":["validateJsonPath","rejected patterns"],"fullName":"validateJsonPath rejected patterns rejects empty and null","status":"passed","title":"rejects empty and null","duration":0.050292000000013104,"failureMessages":[],"meta":{}},{"ancestorTitles":["validateJsonPath","rejected patterns"],"fullName":"validateJsonPath rejected patterns rejects very long paths","status":"passed","title":"rejects very long paths","duration":0.0316250000000764,"failureMessages":[],"meta":{}},{"ancestorTitles":["resolveJsonPath"],"fullName":"resolveJsonPath resolves simple paths","status":"passed","title":"resolves simple paths","duration":0.07654200000001765,"failureMessages":[],"meta":{}},{"ancestorTitles":["resolveJsonPath"],"fullName":"resolveJsonPath resolves nested paths","status":"passed","title":"resolves nested paths","duration":0.03554199999996399,"failureMessages":[],"meta":{}},{"ancestorTitles":["resolveJsonPath"],"fullName":"resolveJsonPath returns undefined for missing paths","status":"passed","title":"returns undefined for missing paths","duration":0.03333400000008169,"failureMessages":[],"meta":{}},{"ancestorTitles":["resolveJsonPath"],"fullName":"resolveJsonPath throws for invalid paths","status":"passed","title":"throws for invalid paths","duration":0.35933299999999235,"failureMessages":[],"meta":{}},{"ancestorTitles":["validateEnvVarRef","allowed patterns"],"fullName":"validateEnvVarRef allowed patterns allows *_API_KEY patterns","status":"passed","title":"allows *_API_KEY patterns","duration":0.13541699999996126,"failureMessages":[],"meta":{}},{"ancestorTitles":["validateEnvVarRef","allowed patterns"],"fullName":"validateEnvVarRef allowed patterns allows *_BASE_URL patterns","status":"passed","title":"allows *_BASE_URL patterns","duration":0.04520800000000236,"failureMessages":[],"meta":{}},{"ancestorTitles":["validateEnvVarRef","allowed patterns"],"fullName":"validateEnvVarRef allowed patterns allows *_MODEL patterns","status":"passed","title":"allows *_MODEL patterns","duration":0.03354100000001381,"failureMessages":[],"meta":{}},{"ancestorTitles":["validateEnvVarRef","allowed patterns"],"fullName":"validateEnvVarRef allowed patterns allows *_ORGANIZATION_ID patterns","status":"passed","title":"allows *_ORGANIZATION_ID patterns","duration":0.03050000000007458,"failureMessages":[],"meta":{}},{"ancestorTitles":["validateEnvVarRef","allowed patterns"],"fullName":"validateEnvVarRef allowed patterns allows *_SECRET patterns","status":"passed","title":"allows *_SECRET patterns","duration":0.029708000000027823,"failureMessages":[],"meta":{}},{"ancestorTitles":["validateEnvVarRef","allowed patterns"],"fullName":"validateEnvVarRef allowed patterns allows *_PROJECT_ID patterns","status":"passed","title":"allows *_PROJECT_ID patterns","duration":0.03066599999999653,"failureMessages":[],"meta":{}},{"ancestorTitles":["validateEnvVarRef","rejected patterns"],"fullName":"validateEnvVarRef rejected patterns rejects PATH","status":"passed","title":"rejects PATH","duration":0.03312500000004093,"failureMessages":[],"meta":{}},{"ancestorTitles":["validateEnvVarRef","rejected patterns"],"fullName":"validateEnvVarRef rejected patterns rejects HOME","status":"passed","title":"rejects HOME","duration":0.031708999999978005,"failureMessages":[],"meta":{}},{"ancestorTitles":["validateEnvVarRef","rejected patterns"],"fullName":"validateEnvVarRef rejected patterns rejects DATABASE_URL","status":"passed","title":"rejects DATABASE_URL","duration":0.029958000000078755,"failureMessages":[],"meta":{}},{"ancestorTitles":["validateEnvVarRef","rejected patterns"],"fullName":"validateEnvVarRef rejected patterns rejects GITHUB_TOKEN","status":"passed","title":"rejects GITHUB_TOKEN","duration":0.03012499999999818,"failureMessages":[],"meta":{}},{"ancestorTitles":["validateEnvVarRef","rejected patterns"],"fullName":"validateEnvVarRef rejected patterns rejects AWS_SECRET_ACCESS_KEY","status":"passed","title":"rejects AWS_SECRET_ACCESS_KEY","duration":0.03012499999999818,"failureMessages":[],"meta":{}},{"ancestorTitles":["validateEnvVarRef","rejected patterns"],"fullName":"validateEnvVarRef rejected patterns rejects lowercase variable names","status":"passed","title":"rejects lowercase variable names","duration":0.029957999999965068,"failureMessages":[],"meta":{}},{"ancestorTitles":["validateEnvVarRef","rejected patterns"],"fullName":"validateEnvVarRef rejected patterns rejects empty and null","status":"passed","title":"rejects empty and null","duration":0.049999999999954525,"failureMessages":[],"meta":{}},{"ancestorTitles":["validateEnvVarRef","rejected patterns"],"fullName":"validateEnvVarRef rejected patterns rejects variables starting with digits","status":"passed","title":"rejects variables starting with digits","duration":0.02870800000005147,"failureMessages":[],"meta":{}},{"ancestorTitles":["validateEnvVarRef","rejected patterns"],"fullName":"validateEnvVarRef rejected patterns rejects very long names","status":"passed","title":"rejects very long names","duration":0.05008300000008603,"failureMessages":[],"meta":{}}],"startTime":1772818844095,"endTime":1772818844101.05,"status":"passed","message":"","name":"/Users/paultinp/BU-TPI/packages/bu-tpi/src/llm/security.test.ts"}]}