{"numTotalTestSuites":616,"numPassedTestSuites":616,"numFailedTestSuites":0,"numPendingTestSuites":0,"numTotalTests":2111,"numPassedTests":2111,"numFailedTests":0,"numPendingTests":0,"numTodoTests":0,"snapshot":{"added":0,"failure":false,"filesAdded":0,"filesRemoved":0,"filesRemovedList":[],"filesUnmatched":0,"filesUpdated":0,"matched":0,"total":0,"unchecked":0,"uncheckedKeysByFile":[],"unmatched":0,"updated":0,"didUpdate":false},"startTime":1773521518629,"success":true,"testResults":[{"assertionResults":[{"ancestorTitles":["branding-helpers.ts"],"fullName":"branding-helpers.ts BR-001: BRANDS contains all expected brand keys","status":"passed","title":"BR-001: BRANDS contains all expected brand keys","duration":0.8857499999999163,"failureMessages":[],"meta":{}},{"ancestorTitles":["branding-helpers.ts"],"fullName":"branding-helpers.ts BR-002: getRandomTagline returns fallback when no tagline file exists","status":"passed","title":"BR-002: getRandomTagline returns fallback when no tagline file exists","duration":0.20345900000006623,"failureMessages":[],"meta":{}},{"ancestorTitles":["branding-helpers.ts"],"fullName":"branding-helpers.ts BR-003: getRandomTagline returns fallback for each brand","status":"passed","title":"BR-003: getRandomTagline returns fallback for each brand","duration":0.125583000000006,"failureMessages":[],"meta":{}},{"ancestorTitles":["branding-helpers.ts"],"fullName":"branding-helpers.ts BR-004: getBrand returns name, color, accent, and tagline","status":"passed","title":"BR-004: getBrand returns name, color, accent, and tagline","duration":0.10249999999996362,"failureMessages":[],"meta":{}},{"ancestorTitles":["branding-helpers.ts"],"fullName":"branding-helpers.ts BR-005: getBrand defaults to blackunicorn","status":"passed","title":"BR-005: getBrand defaults to blackunicorn","duration":0.054333999999926164,"failureMessages":[],"meta":{}},{"ancestorTitles":["branding-helpers.ts"],"fullName":"branding-helpers.ts BR-006: brandAttack produces header with brand name and test name","status":"passed","title":"BR-006: brandAttack produces header with brand name and test name","duration":0.10958399999981339,"failureMessages":[],"meta":{}},{"ancestorTitles":["branding-helpers.ts"],"fullName":"branding-helpers.ts BR-007: brandAttack defaults to blackunicorn","status":"passed","title":"BR-007: brandAttack defaults to blackunicorn","duration":0.046708000000080574,"failureMessages":[],"meta":{}},{"ancestorTitles":["branding-helpers.ts"],"fullName":"branding-helpers.ts BR-008: brandClean produces no-injection header","status":"passed","title":"BR-008: brandClean produces no-injection header","duration":0.07145799999989322,"failureMessages":[],"meta":{}},{"ancestorTitles":["branding-helpers.ts"],"fullName":"branding-helpers.ts BR-009: brandHTML produces HTML comment with brand name","status":"passed","title":"BR-009: brandHTML produces HTML comment with brand name","duration":0.08608300000014424,"failureMessages":[],"meta":{}},{"ancestorTitles":["branding-helpers.ts"],"fullName":"branding-helpers.ts BR-010: brandCode produces JSDoc comment with brand name","status":"passed","title":"BR-010: brandCode produces JSDoc comment with brand name","duration":0.09629199999994853,"failureMessages":[],"meta":{}},{"ancestorTitles":["branding-helpers.ts"],"fullName":"branding-helpers.ts BR-011: brandBash produces bash comment with brand name","status":"passed","title":"BR-011: brandBash produces bash comment with brand name","duration":0.06291700000019773,"failureMessages":[],"meta":{}},{"ancestorTitles":["branding-helpers.ts"],"fullName":"branding-helpers.ts BR-012: getBrandByIndex rotates through all 6 brands","status":"passed","title":"BR-012: getBrandByIndex rotates through all 6 brands","duration":0.06475000000000364,"failureMessages":[],"meta":{}},{"ancestorTitles":["branding-helpers.ts"],"fullName":"branding-helpers.ts BR-013: getRandomBrand returns a valid brand key","status":"passed","title":"BR-013: getRandomBrand returns a valid brand key","duration":0.751459000000068,"failureMessages":[],"meta":{}},{"ancestorTitles":["branding-helpers.ts"],"fullName":"branding-helpers.ts BR-014: getBrandForCategory returns correct defaults for known categories","status":"passed","title":"BR-014: getBrandForCategory returns correct defaults for known categories","duration":0.14658300000019153,"failureMessages":[],"meta":{}},{"ancestorTitles":["branding-helpers.ts"],"fullName":"branding-helpers.ts BR-015: getBrandForCategory returns blackunicorn for unknown category","status":"passed","title":"BR-015: getBrandForCategory returns blackunicorn for unknown category","duration":0.05387499999983447,"failureMessages":[],"meta":{}},{"ancestorTitles":["branding-helpers.ts"],"fullName":"branding-helpers.ts BR-016: getBrandForCategory handles KASHIWA P2 categories","status":"passed","title":"BR-016: getBrandForCategory handles KASHIWA P2 categories","duration":0.065166999999974,"failureMessages":[],"meta":{}}],"startTime":1773521519498,"endTime":1773521519501.1465,"status":"passed","message":"","name":"/Users/paultinp/BU-TPI/packages/bu-tpi/src/branding-helpers.test.ts"},{"assertionResults":[{"ancestorTitles":["detectFormat()","Image Formats"],"fullName":"detectFormat() Image Formats should detect JPEG","status":"passed","title":"should detect JPEG","duration":0.68162499999994,"failureMessages":[],"meta":{}},{"ancestorTitles":["detectFormat()","Image Formats"],"fullName":"detectFormat() Image Formats should detect PNG","status":"passed","title":"should detect PNG","duration":0.09566699999993489,"failureMessages":[],"meta":{}},{"ancestorTitles":["detectFormat()","Image Formats"],"fullName":"detectFormat() Image Formats should detect GIF87a","status":"passed","title":"should detect GIF87a","duration":0.07125000000007731,"failureMessages":[],"meta":{}},{"ancestorTitles":["detectFormat()","Image Formats"],"fullName":"detectFormat() Image Formats should detect GIF89a","status":"passed","title":"should detect GIF89a","duration":0.08087499999999181,"failureMessages":[],"meta":{}},{"ancestorTitles":["detectFormat()","Image Formats"],"fullName":"detectFormat() Image Formats should detect WebP","status":"passed","title":"should detect WebP","duration":0.15245900000002166,"failureMessages":[],"meta":{}},{"ancestorTitles":["detectFormat()","Image Formats"],"fullName":"detectFormat() Image Formats should detect SVG by <svg> tag","status":"passed","title":"should detect SVG by <svg> tag","duration":0.07187499999997726,"failureMessages":[],"meta":{}},{"ancestorTitles":["detectFormat()","Image Formats"],"fullName":"detectFormat() Image Formats should detect SVG by <?xml> declaration","status":"passed","title":"should detect SVG by <?xml> declaration","duration":0.05983299999991232,"failureMessages":[],"meta":{}},{"ancestorTitles":["detectFormat()","Audio Formats"],"fullName":"detectFormat() Audio Formats should detect MP3 with ID3v2","status":"passed","title":"should detect MP3 with ID3v2","duration":0.06908399999997528,"failureMessages":[],"meta":{}},{"ancestorTitles":["detectFormat()","Audio Formats"],"fullName":"detectFormat() Audio Formats should detect WAV","status":"passed","title":"should detect WAV","duration":0.08220799999992323,"failureMessages":[],"meta":{}},{"ancestorTitles":["detectFormat()","Audio Formats"],"fullName":"detectFormat() Audio Formats should detect OGG","status":"passed","title":"should detect OGG","duration":0.08408299999996416,"failureMessages":[],"meta":{}},{"ancestorTitles":["detectFormat()","Audio Formats"],"fullName":"detectFormat() Audio Formats should detect FLAC","status":"passed","title":"should detect FLAC","duration":0.061332999999990534,"failureMessages":[],"meta":{}},{"ancestorTitles":["detectFormat()","Container Formats"],"fullName":"detectFormat() Container Formats should detect M4A with valid brand","status":"passed","title":"should detect M4A with valid brand","duration":0.061792000000082226,"failureMessages":[],"meta":{}},{"ancestorTitles":["detectFormat()","Container Formats"],"fullName":"detectFormat() Container Formats should detect M4A with isom brand","status":"passed","title":"should detect M4A with isom brand","duration":0.05416700000000674,"failureMessages":[],"meta":{}},{"ancestorTitles":["detectFormat()","Edge Cases"],"fullName":"detectFormat() Edge Cases should return UNKNOWN for empty buffer","status":"passed","title":"should return UNKNOWN for empty buffer","duration":0.045125000000098225,"failureMessages":[],"meta":{}},{"ancestorTitles":["detectFormat()","Edge Cases"],"fullName":"detectFormat() Edge Cases should return UNKNOWN for small buffer","status":"passed","title":"should return UNKNOWN for small buffer","duration":0.041249999999990905,"failureMessages":[],"meta":{}},{"ancestorTitles":["detectFormat()","Edge Cases"],"fullName":"detectFormat() Edge Cases should return UNKNOWN for random data","status":"passed","title":"should return UNKNOWN for random data","duration":0.07333300000004783,"failureMessages":[],"meta":{}},{"ancestorTitles":["detectFormat()","Edge Cases"],"fullName":"detectFormat() Edge Cases should prioritize PNG over JPEG if both match (should not happen)","status":"passed","title":"should prioritize PNG over JPEG if both match (should not happen)","duration":0.04620799999997871,"failureMessages":[],"meta":{}},{"ancestorTitles":["parseJPEGMetadata()"],"fullName":"parseJPEGMetadata() should handle invalid JPEG buffer","status":"passed","title":"should handle invalid JPEG buffer","duration":0.6780840000000126,"failureMessages":[],"meta":{}},{"ancestorTitles":["parseJPEGMetadata()"],"fullName":"parseJPEGMetadata() should return empty array for buffer with no EXIF","status":"passed","title":"should return empty array for buffer with no EXIF","duration":0.6315829999999778,"failureMessages":[],"meta":{}},{"ancestorTitles":["parsePNGMetadata()"],"fullName":"parsePNGMetadata() should parse tEXt chunks","status":"passed","title":"should parse tEXt chunks","duration":0.3042080000000169,"failureMessages":[],"meta":{}},{"ancestorTitles":["parsePNGMetadata()"],"fullName":"parsePNGMetadata() should handle invalid PNG buffer","status":"passed","title":"should handle invalid PNG buffer","duration":0.08350000000007185,"failureMessages":[],"meta":{}},{"ancestorTitles":["parseGIFMetadata()"],"fullName":"parseGIFMetadata() should handle GIF87a format","status":"passed","title":"should handle GIF87a format","duration":0.12399999999990996,"failureMessages":[],"meta":{}},{"ancestorTitles":["parseGIFMetadata()"],"fullName":"parseGIFMetadata() should handle GIF89a format","status":"passed","title":"should handle GIF89a format","duration":0.08312499999999545,"failureMessages":[],"meta":{}},{"ancestorTitles":["parseGIFMetadata()"],"fullName":"parseGIFMetadata() should enforce iteration limit on malformed GIF","status":"passed","title":"should enforce iteration limit on malformed GIF","duration":1.4007910000000265,"failureMessages":[],"meta":{}},{"ancestorTitles":["parseSVGMetadata()"],"fullName":"parseSVGMetadata() should extract text content from SVG","status":"passed","title":"should extract text content from SVG","duration":0.3492909999999938,"failureMessages":[],"meta":{}},{"ancestorTitles":["parseSVGMetadata()"],"fullName":"parseSVGMetadata() should extract title from SVG","status":"passed","title":"should extract title from SVG","duration":0.24545799999998508,"failureMessages":[],"meta":{}},{"ancestorTitles":["parseSVGMetadata()"],"fullName":"parseSVGMetadata() should extract href from links","status":"passed","title":"should extract href from links","duration":0.06054099999994378,"failureMessages":[],"meta":{}},{"ancestorTitles":["parseSVGMetadata()"],"fullName":"parseSVGMetadata() should handle oversized SVG","status":"passed","title":"should handle oversized SVG","duration":23.882499999999936,"failureMessages":[],"meta":{}},{"ancestorTitles":["parseSVGMetadata()"],"fullName":"parseSVGMetadata() should limit data URI extraction","status":"passed","title":"should limit data URI extraction","duration":0.5204170000000659,"failureMessages":[],"meta":{}},{"ancestorTitles":["parseMP3Metadata()"],"fullName":"parseMP3Metadata() should handle ID3v2 tag","status":"passed","title":"should handle ID3v2 tag","duration":8.342416000000071,"failureMessages":[],"meta":{}},{"ancestorTitles":["parseMP3Metadata()"],"fullName":"parseMP3Metadata() should handle invalid MP3 buffer","status":"passed","title":"should handle invalid MP3 buffer","duration":0.41983299999992596,"failureMessages":[],"meta":{}},{"ancestorTitles":["parseVorbisMetadata()"],"fullName":"parseVorbisMetadata() should handle OGG format","status":"passed","title":"should handle OGG format","duration":8.233666999999969,"failureMessages":[],"meta":{}},{"ancestorTitles":["parseVorbisMetadata()"],"fullName":"parseVorbisMetadata() should handle FLAC format","status":"passed","title":"should handle FLAC format","duration":0.6368340000000217,"failureMessages":[],"meta":{}},{"ancestorTitles":["extractTextFields()"],"fullName":"extractTextFields() should join field values with separator","status":"passed","title":"should join field values with separator","duration":0.08045800000002146,"failureMessages":[],"meta":{}},{"ancestorTitles":["extractTextFields()"],"fullName":"extractTextFields() should skip empty values","status":"passed","title":"should skip empty values","duration":0.04075000000000273,"failureMessages":[],"meta":{}},{"ancestorTitles":["extractTextFields()"],"fullName":"extractTextFields() should enforce maximum text length","status":"passed","title":"should enforce maximum text length","duration":0.0714580000000069,"failureMessages":[],"meta":{}},{"ancestorTitles":["extractTextFields()"],"fullName":"extractTextFields() should handle empty fields array","status":"passed","title":"should handle empty fields array","duration":0.0342080000000351,"failureMessages":[],"meta":{}},{"ancestorTitles":["extractSources()"],"fullName":"extractSources() should extract unique sources","status":"passed","title":"should extract unique sources","duration":0.0944169999999076,"failureMessages":[],"meta":{}},{"ancestorTitles":["extractSources()"],"fullName":"extractSources() should deduplicate sources","status":"passed","title":"should deduplicate sources","duration":0.0493340000000444,"failureMessages":[],"meta":{}},{"ancestorTitles":["extractSources()"],"fullName":"extractSources() should handle source without dot","status":"passed","title":"should handle source without dot","duration":0.04587499999990996,"failureMessages":[],"meta":{}},{"ancestorTitles":["extractMetadata()"],"fullName":"extractMetadata() should return parse result for JPEG","status":"passed","title":"should return parse result for JPEG","duration":0.3109589999999116,"failureMessages":[],"meta":{}},{"ancestorTitles":["extractMetadata()"],"fullName":"extractMetadata() should return UNKNOWN for unrecognized format","status":"passed","title":"should return UNKNOWN for unrecognized format","duration":0.24279200000000856,"failureMessages":[],"meta":{}},{"ancestorTitles":["extractMetadata()"],"fullName":"extractMetadata() should handle empty buffer","status":"passed","title":"should handle empty buffer","duration":0.04045800000005784,"failureMessages":[],"meta":{}}],"startTime":1773521519067,"endTime":1773521519116.311,"status":"passed","message":"","name":"/Users/paultinp/BU-TPI/packages/bu-tpi/src/metadata-parsers.test.ts"},{"assertionResults":[{"ancestorTitles":["scanBinary()","Input Validation"],"fullName":"scanBinary() Input Validation should handle empty buffer","status":"passed","title":"should handle empty buffer","duration":1.0697499999998854,"failureMessages":[],"meta":{}},{"ancestorTitles":["scanBinary()","Input Validation"],"fullName":"scanBinary() Input Validation should handle null buffer","status":"passed","title":"should handle null buffer","duration":0.08979099999987739,"failureMessages":[],"meta":{}},{"ancestorTitles":["scanBinary()","Input Validation"],"fullName":"scanBinary() Input Validation should handle undefined buffer","status":"passed","title":"should handle undefined buffer","duration":0.0677499999999327,"failureMessages":[],"meta":{}},{"ancestorTitles":["scanBinary()","JPEG Scanning"],"fullName":"scanBinary() JPEG Scanning should scan JPEG with EXIF metadata","status":"passed","title":"should scan JPEG with EXIF metadata","duration":146.79612500000007,"failureMessages":[],"meta":{}},{"ancestorTitles":["scanBinary()","JPEG Scanning"],"fullName":"scanBinary() JPEG Scanning should include metadata sources","status":"passed","title":"should include metadata sources","duration":8.025000000000091,"failureMessages":[],"meta":{}},{"ancestorTitles":["scanBinary()","PNG Scanning"],"fullName":"scanBinary() PNG Scanning should scan PNG with text chunks","status":"passed","title":"should scan PNG with text chunks","duration":1.3303750000000036,"failureMessages":[],"meta":{}},{"ancestorTitles":["scanBinary()","Timeout Protection"],"fullName":"scanBinary() Timeout Protection should enforce timeout on large files","status":"passed","title":"should enforce timeout on large files","duration":0.6424999999999272,"failureMessages":[],"meta":{}},{"ancestorTitles":["scanBinary()","Timeout Protection"],"fullName":"scanBinary() Timeout Protection should handle custom timeout parameter","status":"passed","title":"should handle custom timeout parameter","duration":1.6163329999999405,"failureMessages":[],"meta":{}},{"ancestorTitles":["scanBinary()","Timeout Protection"],"fullName":"scanBinary() Timeout Protection should clamp timeout to valid range","status":"passed","title":"should clamp timeout to valid range","duration":1.776540999999952,"failureMessages":[],"meta":{}},{"ancestorTitles":["scanBinary()","Performance"],"fullName":"scanBinary() Performance should complete in reasonable time","status":"passed","title":"should complete in reasonable time","duration":0.4748329999999896,"failureMessages":[],"meta":{}},{"ancestorTitles":["scanBinary()","Result Structure"],"fullName":"scanBinary() Result Structure should return properly structured result","status":"passed","title":"should return properly structured result","duration":0.19479100000012295,"failureMessages":[],"meta":{}},{"ancestorTitles":["scanBinary()","Result Structure"],"fullName":"scanBinary() Result Structure should include counts in result","status":"passed","title":"should include counts in result","duration":0.07162500000004002,"failureMessages":[],"meta":{}},{"ancestorTitles":["scanBinaryRaw()"],"fullName":"scanBinaryRaw() should return raw parse result","status":"passed","title":"should return raw parse result","duration":0.22483299999998962,"failureMessages":[],"meta":{}},{"ancestorTitles":["scanBinaryRaw()"],"fullName":"scanBinaryRaw() should handle empty buffer","status":"passed","title":"should handle empty buffer","duration":0.21216700000013589,"failureMessages":[],"meta":{}},{"ancestorTitles":["formatBinaryResult()"],"fullName":"formatBinaryResult() should format result as string","status":"passed","title":"should format result as string","duration":0.12037499999996726,"failureMessages":[],"meta":{}},{"ancestorTitles":["formatBinaryResult()"],"fullName":"formatBinaryResult() should include findings in output","status":"passed","title":"should include findings in output","duration":0.04712500000005093,"failureMessages":[],"meta":{}},{"ancestorTitles":["formatMetadataFields()"],"fullName":"formatMetadataFields() should format empty fields array","status":"passed","title":"should format empty fields array","duration":0.0515419999999267,"failureMessages":[],"meta":{}},{"ancestorTitles":["formatMetadataFields()"],"fullName":"formatMetadataFields() should format metadata fields","status":"passed","title":"should format metadata fields","duration":0.05908300000010058,"failureMessages":[],"meta":{}},{"ancestorTitles":["formatMetadataFields()"],"fullName":"formatMetadataFields() should truncate long values","status":"passed","title":"should truncate long values","duration":0.05120899999997164,"failureMessages":[],"meta":{}},{"ancestorTitles":["isBinarySupported()"],"fullName":"isBinarySupported() should return true for supported formats","status":"passed","title":"should return true for supported formats","duration":0.14366599999993923,"failureMessages":[],"meta":{}},{"ancestorTitles":["isBinarySupported()"],"fullName":"isBinarySupported() should return false for unknown format","status":"passed","title":"should return false for unknown format","duration":0.028583999999909793,"failureMessages":[],"meta":{}},{"ancestorTitles":["getSupportedFormats()"],"fullName":"getSupportedFormats() should return array of supported formats","status":"passed","title":"should return array of supported formats","duration":0.06454099999996288,"failureMessages":[],"meta":{}},{"ancestorTitles":["getSupportedFormats()"],"fullName":"getSupportedFormats() should include expected formats","status":"passed","title":"should include expected formats","duration":0.13054200000010496,"failureMessages":[],"meta":{}},{"ancestorTitles":["summarizeBinary()"],"fullName":"summarizeBinary() should handle empty buffer","status":"passed","title":"should handle empty buffer","duration":0.09799999999995634,"failureMessages":[],"meta":{}},{"ancestorTitles":["summarizeBinary()"],"fullName":"summarizeBinary() should return summary with expected properties","status":"passed","title":"should return summary with expected properties","duration":0.15908300000000963,"failureMessages":[],"meta":{}},{"ancestorTitles":["summarizeBinary()"],"fullName":"summarizeBinary() should include filename when provided","status":"passed","title":"should include filename when provided","duration":0.09583300000008421,"failureMessages":[],"meta":{}},{"ancestorTitles":["summarizeBinary()"],"fullName":"summarizeBinary() should correctly identify JPEG format","status":"passed","title":"should correctly identify JPEG format","duration":0.12374999999997272,"failureMessages":[],"meta":{}},{"ancestorTitles":["scanBinary() — Transcription Support (Story 12.1)"],"fullName":"scanBinary() — Transcription Support (Story 12.1) should scan transcription text for audio attack patterns","status":"passed","title":"should scan transcription text for audio attack patterns","duration":1.1450830000001133,"failureMessages":[],"meta":{}},{"ancestorTitles":["scanBinary() — Transcription Support (Story 12.1)"],"fullName":"scanBinary() — Transcription Support (Story 12.1) should include TRANSCRIPTION in sources when provided","status":"passed","title":"should include TRANSCRIPTION in sources when provided","duration":0.6044999999999163,"failureMessages":[],"meta":{}},{"ancestorTitles":["scanBinary() — Transcription Support (Story 12.1)"],"fullName":"scanBinary() — Transcription Support (Story 12.1) should not add TRANSCRIPTION source when transcription is not provided","status":"passed","title":"should not add TRANSCRIPTION source when transcription is not provided","duration":0.34008300000004965,"failureMessages":[],"meta":{}},{"ancestorTitles":["scanBinary() — Transcription Support (Story 12.1)"],"fullName":"scanBinary() — Transcription Support (Story 12.1) should detect attacks in both metadata and transcription","status":"passed","title":"should detect attacks in both metadata and transcription","duration":0.6134170000000267,"failureMessages":[],"meta":{}},{"ancestorTitles":["scanBinary() — Transcription Support (Story 12.1)"],"fullName":"scanBinary() — Transcription Support (Story 12.1) should allow clean transcription content","status":"passed","title":"should allow clean transcription content","duration":0.5535840000000007,"failureMessages":[],"meta":{}}],"startTime":1773521519399,"endTime":1773521519566.5535,"status":"passed","message":"","name":"/Users/paultinp/BU-TPI/packages/bu-tpi/src/scanner-binary.test.ts"},{"assertionResults":[{"ancestorTitles":["scan()","Clean Text"],"fullName":"scan() Clean Text should allow simple clean text","status":"passed","title":"should allow simple clean text","duration":147.59737500000006,"failureMessages":[],"meta":{}},{"ancestorTitles":["scan()","Clean Text"],"fullName":"scan() Clean Text should allow business content","status":"passed","title":"should allow business content","duration":7.6997499999999945,"failureMessages":[],"meta":{}},{"ancestorTitles":["scan()","Clean Text"],"fullName":"scan() Clean Text should allow code snippets","status":"passed","title":"should allow code snippets","duration":0.7908749999999145,"failureMessages":[],"meta":{}},{"ancestorTitles":["scan()","Clean Text"],"fullName":"scan() Clean Text should allow JSON data","status":"passed","title":"should allow JSON data","duration":0.6433750000001055,"failureMessages":[],"meta":{}},{"ancestorTitles":["scan()","Prompt Injection Detection"],"fullName":"scan() Prompt Injection Detection should block direct prompt injection","status":"passed","title":"should block direct prompt injection","duration":0.7620830000000751,"failureMessages":[],"meta":{}},{"ancestorTitles":["scan()","Prompt Injection Detection"],"fullName":"scan() Prompt Injection Detection should block instruction override attempts","status":"passed","title":"should block instruction override attempts","duration":0.5817500000000564,"failureMessages":[],"meta":{}},{"ancestorTitles":["scan()","Prompt Injection Detection"],"fullName":"scan() Prompt Injection Detection should block DAN-style jailbreaks","status":"passed","title":"should block DAN-style jailbreaks","duration":0.5255419999998594,"failureMessages":[],"meta":{}},{"ancestorTitles":["scan()","Jailbreak Detection"],"fullName":"scan() Jailbreak Detection should block developer mode jailbreak","status":"passed","title":"should block developer mode jailbreak","duration":0.5589160000001812,"failureMessages":[],"meta":{}},{"ancestorTitles":["scan()","Jailbreak Detection"],"fullName":"scan() Jailbreak Detection should block role-based jailbreaks","status":"passed","title":"should block role-based jailbreaks","duration":0.5403330000001461,"failureMessages":[],"meta":{}},{"ancestorTitles":["scan()","Jailbreak Detection"],"fullName":"scan() Jailbreak Detection should block hypothetical framing attacks","status":"passed","title":"should block hypothetical framing attacks","duration":0.5670000000000073,"failureMessages":[],"meta":{}},{"ancestorTitles":["scan()","Encoding Detection"],"fullName":"scan() Encoding Detection should detect base64 encoded injection attempts","status":"passed","title":"should detect base64 encoded injection attempts","duration":0.5665409999999156,"failureMessages":[],"meta":{}},{"ancestorTitles":["scan()","Encoding Detection"],"fullName":"scan() Encoding Detection should detect hex encoded injection attempts","status":"passed","title":"should detect hex encoded injection attempts","duration":0.4690419999999449,"failureMessages":[],"meta":{}},{"ancestorTitles":["scan()","Encoding Detection"],"fullName":"scan() Encoding Detection should detect hidden Unicode characters","status":"passed","title":"should detect hidden Unicode characters","duration":106.59512500000005,"failureMessages":[],"meta":{}},{"ancestorTitles":["scan()","Multi-turn Attacks"],"fullName":"scan() Multi-turn Attacks should detect slow drip attacks in JSON","status":"passed","title":"should detect slow drip attacks in JSON","duration":1.8020409999999174,"failureMessages":[],"meta":{}},{"ancestorTitles":["scan()","Multi-turn Attacks"],"fullName":"scan() Multi-turn Attacks should detect conversational escalation","status":"passed","title":"should detect conversational escalation","duration":0.9821249999999964,"failureMessages":[],"meta":{}},{"ancestorTitles":["scan()","Performance & Limits"],"fullName":"scan() Performance & Limits should handle empty text","status":"passed","title":"should handle empty text","duration":0.258583999999928,"failureMessages":[],"meta":{}},{"ancestorTitles":["scan()","Performance & Limits"],"fullName":"scan() Performance & Limits should handle very long text","status":"passed","title":"should handle very long text","duration":283.2922080000001,"failureMessages":[],"meta":{}},{"ancestorTitles":["scan()","Performance & Limits"],"fullName":"scan() Performance & Limits should track elapsed time","status":"passed","title":"should track elapsed time","duration":1.0287909999999556,"failureMessages":[],"meta":{}},{"ancestorTitles":["scan()","Findings Structure"],"fullName":"scan() Findings Structure should return properly structured findings","status":"passed","title":"should return properly structured findings","duration":0.7075420000001031,"failureMessages":[],"meta":{}},{"ancestorTitles":["scan()","Findings Structure"],"fullName":"scan() Findings Structure should correctly count findings by severity","status":"passed","title":"should correctly count findings by severity","duration":0.4934169999999085,"failureMessages":[],"meta":{}},{"ancestorTitles":["normalizeText()"],"fullName":"normalizeText() should strip combining marks before NFKC for security","status":"passed","title":"should strip combining marks before NFKC for security","duration":0.054084000000102606,"failureMessages":[],"meta":{}},{"ancestorTitles":["normalizeText()"],"fullName":"normalizeText() should handle empty strings","status":"passed","title":"should handle empty strings","duration":0.02783299999987321,"failureMessages":[],"meta":{}},{"ancestorTitles":["normalizeText()"],"fullName":"normalizeText() should preserve alphanumeric characters","status":"passed","title":"should preserve alphanumeric characters","duration":0.037374999999883585,"failureMessages":[],"meta":{}},{"ancestorTitles":["checkForInjectionKeywords()"],"fullName":"checkForInjectionKeywords() should detect injection keywords","status":"passed","title":"should detect injection keywords","duration":0.04037500000004002,"failureMessages":[],"meta":{}},{"ancestorTitles":["checkForInjectionKeywords()"],"fullName":"checkForInjectionKeywords() should return false for clean text","status":"passed","title":"should return false for clean text","duration":0.02595799999994597,"failureMessages":[],"meta":{}},{"ancestorTitles":["checkForInjectionKeywords()"],"fullName":"checkForInjectionKeywords() should be case-insensitive","status":"passed","title":"should be case-insensitive","duration":0.035082999999985987,"failureMessages":[],"meta":{}},{"ancestorTitles":["getPatternCount()"],"fullName":"getPatternCount() should return a positive number","status":"passed","title":"should return a positive number","duration":0.2622080000001006,"failureMessages":[],"meta":{}},{"ancestorTitles":["getPatternCount()"],"fullName":"getPatternCount() should be consistent across calls","status":"passed","title":"should be consistent across calls","duration":0.06316699999979392,"failureMessages":[],"meta":{}},{"ancestorTitles":["getPatternGroups()"],"fullName":"getPatternGroups() should return an array of pattern groups","status":"passed","title":"should return an array of pattern groups","duration":0.40354100000013204,"failureMessages":[],"meta":{}},{"ancestorTitles":["getPatternGroups()"],"fullName":"getPatternGroups() should have groups with required properties","status":"passed","title":"should have groups with required properties","duration":5.997125000000096,"failureMessages":[],"meta":{}},{"ancestorTitles":["detectHiddenUnicode()"],"fullName":"detectHiddenUnicode() should detect zero-width characters","status":"passed","title":"should detect zero-width characters","duration":0.09100000000012187,"failureMessages":[],"meta":{}},{"ancestorTitles":["detectHiddenUnicode()"],"fullName":"detectHiddenUnicode() should allow text without hidden characters","status":"passed","title":"should allow text without hidden characters","duration":0.09808300000008785,"failureMessages":[],"meta":{}},{"ancestorTitles":["detectHiddenUnicode()"],"fullName":"detectHiddenUnicode() should detect RTL override characters","status":"passed","title":"should detect RTL override characters","duration":0.1122499999999036,"failureMessages":[],"meta":{}},{"ancestorTitles":["detectBase64()"],"fullName":"detectBase64() should detect base64 strings","status":"passed","title":"should detect base64 strings","duration":0.06570899999996982,"failureMessages":[],"meta":{}},{"ancestorTitles":["detectBase64()"],"fullName":"detectBase64() should handle mixed content","status":"passed","title":"should handle mixed content","duration":0.04141699999991033,"failureMessages":[],"meta":{}},{"ancestorTitles":["detectHtmlInjection()"],"fullName":"detectHtmlInjection() should detect injection in HTML comments","status":"passed","title":"should detect injection in HTML comments","duration":0.0364999999999327,"failureMessages":[],"meta":{}},{"ancestorTitles":["detectHtmlInjection()"],"fullName":"detectHtmlInjection() should allow clean HTML comments","status":"passed","title":"should allow clean HTML comments","duration":0.026958000000149696,"failureMessages":[],"meta":{}},{"ancestorTitles":["detectContextOverload()"],"fullName":"detectContextOverload() should detect token flooding with low uniqueness","status":"passed","title":"should detect token flooding with low uniqueness","duration":0.2566659999999956,"failureMessages":[],"meta":{}},{"ancestorTitles":["detectContextOverload()"],"fullName":"detectContextOverload() should allow normal length text","status":"passed","title":"should allow normal length text","duration":0.04270800000017516,"failureMessages":[],"meta":{}},{"ancestorTitles":["detectCharacterEncoding()"],"fullName":"detectCharacterEncoding() should detect ROT13 encoding","status":"passed","title":"should detect ROT13 encoding","duration":0.046333000000004176,"failureMessages":[],"meta":{}},{"ancestorTitles":["detectCharacterEncoding()"],"fullName":"detectCharacterEncoding() should handle short text (perf guard)","status":"passed","title":"should handle short text (perf guard)","duration":0.028334000000086235,"failureMessages":[],"meta":{}},{"ancestorTitles":["detectFictionalFraming()"],"fullName":"detectFictionalFraming() should detect story-based framing","status":"passed","title":"should detect story-based framing","duration":0.044875000000047294,"failureMessages":[],"meta":{}},{"ancestorTitles":["detectFictionalFraming()"],"fullName":"detectFictionalFraming() should allow normal content","status":"passed","title":"should allow normal content","duration":0.025916999999935797,"failureMessages":[],"meta":{}},{"ancestorTitles":["detectSurrogateFormat()"],"fullName":"detectSurrogateFormat() should detect injection keywords in JSON keys","status":"passed","title":"should detect injection keywords in JSON keys","duration":0.03637499999990723,"failureMessages":[],"meta":{}},{"ancestorTitles":["detectSurrogateFormat()"],"fullName":"detectSurrogateFormat() should allow safe JSON","status":"passed","title":"should allow safe JSON","duration":0.02804100000003018,"failureMessages":[],"meta":{}},{"ancestorTitles":["detectSlowDrip()"],"fullName":"detectSlowDrip() should detect slow drip in JSON arrays","status":"passed","title":"should detect slow drip in JSON arrays","duration":0.09674999999992906,"failureMessages":[],"meta":{}},{"ancestorTitles":["detectSlowDrip()"],"fullName":"detectSlowDrip() should handle JSON parse errors gracefully","status":"passed","title":"should handle JSON parse errors gracefully","duration":0.024290999999948326,"failureMessages":[],"meta":{}},{"ancestorTitles":["detectConversationalEscalation()"],"fullName":"detectConversationalEscalation() should allow normal conversation","status":"passed","title":"should allow normal conversation","duration":0.02670799999987139,"failureMessages":[],"meta":{}},{"ancestorTitles":["detectConversationalEscalation()"],"fullName":"detectConversationalEscalation() should handle invalid JSON gracefully","status":"passed","title":"should handle invalid JSON gracefully","duration":0.02329199999985576,"failureMessages":[],"meta":{}},{"ancestorTitles":["detectJsonUntrustedSource()"],"fullName":"detectJsonUntrustedSource() should detect explicit untrusted flag","status":"passed","title":"should detect explicit untrusted flag","duration":0.031334000000015294,"failureMessages":[],"meta":{}},{"ancestorTitles":["detectJsonUntrustedSource()"],"fullName":"detectJsonUntrustedSource() should detect injection in untrusted content","status":"passed","title":"should detect injection in untrusted content","duration":0.04733299999998053,"failureMessages":[],"meta":{}},{"ancestorTitles":["detectJsonUntrustedSource()"],"fullName":"detectJsonUntrustedSource() should allow safe JSON","status":"passed","title":"should allow safe JSON","duration":0.026084000000082597,"failureMessages":[],"meta":{}},{"ancestorTitles":["detectOcrAdversarial()"],"fullName":"detectOcrAdversarial() should detect OCR evasion patterns","status":"passed","title":"should detect OCR evasion patterns","duration":0.037750000000187356,"failureMessages":[],"meta":{}},{"ancestorTitles":["detectOcrAdversarial()"],"fullName":"detectOcrAdversarial() should allow clean content","status":"passed","title":"should allow clean content","duration":0.02529200000003584,"failureMessages":[],"meta":{}},{"ancestorTitles":["detectCrossModalInjection()"],"fullName":"detectCrossModalInjection() should detect modality markers with injection","status":"passed","title":"should detect modality markers with injection","duration":0.03749999999990905,"failureMessages":[],"meta":{}},{"ancestorTitles":["detectCrossModalInjection()"],"fullName":"detectCrossModalInjection() should allow clean content","status":"passed","title":"should allow clean content","duration":0.0263750000001437,"failureMessages":[],"meta":{}},{"ancestorTitles":["Audio/Voice Attack Patterns (Story 12.1)","Ultrasonic Command Injection"],"fullName":"Audio/Voice Attack Patterns (Story 12.1) Ultrasonic Command Injection should detect ultrasonic command injection","status":"passed","title":"should detect ultrasonic command injection","duration":0.62762500000008,"failureMessages":[],"meta":{}},{"ancestorTitles":["Audio/Voice Attack Patterns (Story 12.1)","Ultrasonic Command Injection"],"fullName":"Audio/Voice Attack Patterns (Story 12.1) Ultrasonic Command Injection should detect inaudible frequency injection","status":"passed","title":"should detect inaudible frequency injection","duration":0.4893329999999878,"failureMessages":[],"meta":{}},{"ancestorTitles":["Audio/Voice Attack Patterns (Story 12.1)","Voice Identity Spoofing"],"fullName":"Audio/Voice Attack Patterns (Story 12.1) Voice Identity Spoofing should detect voice cloning identity spoof","status":"passed","title":"should detect voice cloning identity spoof","duration":0.498833999999988,"failureMessages":[],"meta":{}},{"ancestorTitles":["Audio/Voice Attack Patterns (Story 12.1)","Voice Identity Spoofing"],"fullName":"Audio/Voice Attack Patterns (Story 12.1) Voice Identity Spoofing should detect speaker authentication bypass","status":"passed","title":"should detect speaker authentication bypass","duration":0.3946249999999054,"failureMessages":[],"meta":{}},{"ancestorTitles":["Audio/Voice Attack Patterns (Story 12.1)","Audio Steganography"],"fullName":"Audio/Voice Attack Patterns (Story 12.1) Audio Steganography should detect audio steganographic payload","status":"passed","title":"should detect audio steganographic payload","duration":6.156500000000051,"failureMessages":[],"meta":{}},{"ancestorTitles":["Audio/Voice Attack Patterns (Story 12.1)","Audio Steganography"],"fullName":"Audio/Voice Attack Patterns (Story 12.1) Audio Steganography should detect spectral domain steganography","status":"passed","title":"should detect spectral domain steganography","duration":0.5575830000000224,"failureMessages":[],"meta":{}},{"ancestorTitles":["Audio/Voice Attack Patterns (Story 12.1)","Frequency Manipulation"],"fullName":"Audio/Voice Attack Patterns (Story 12.1) Frequency Manipulation should detect frequency domain manipulation attack","status":"passed","title":"should detect frequency domain manipulation attack","duration":0.5247499999998126,"failureMessages":[],"meta":{}},{"ancestorTitles":["Audio/Voice Attack Patterns (Story 12.1)","Frequency Manipulation"],"fullName":"Audio/Voice Attack Patterns (Story 12.1) Frequency Manipulation should detect adversarial audio perturbation","status":"passed","title":"should detect adversarial audio perturbation","duration":0.36816700000008495,"failureMessages":[],"meta":{}},{"ancestorTitles":["Audio/Voice Attack Patterns (Story 12.1)","ASR Evasion"],"fullName":"Audio/Voice Attack Patterns (Story 12.1) ASR Evasion should detect ASR evasion attack","status":"passed","title":"should detect ASR evasion attack","duration":0.40612499999997453,"failureMessages":[],"meta":{}},{"ancestorTitles":["Audio/Voice Attack Patterns (Story 12.1)","ASR Evasion"],"fullName":"Audio/Voice Attack Patterns (Story 12.1) ASR Evasion should detect speech recognition evasion","status":"passed","title":"should detect speech recognition evasion","duration":0.4031250000000455,"failureMessages":[],"meta":{}},{"ancestorTitles":["Audio/Voice Attack Patterns (Story 12.1)","ASR Evasion"],"fullName":"Audio/Voice Attack Patterns (Story 12.1) ASR Evasion should detect ASR poisoning","status":"passed","title":"should detect ASR poisoning","duration":0.3952079999999114,"failureMessages":[],"meta":{}},{"ancestorTitles":["Audio/Voice Attack Patterns (Story 12.1)","Cross-Modal Audio"],"fullName":"Audio/Voice Attack Patterns (Story 12.1) Cross-Modal Audio should detect cross-modal audio injection","status":"passed","title":"should detect cross-modal audio injection","duration":0.3394999999998163,"failureMessages":[],"meta":{}},{"ancestorTitles":["Audio/Voice Attack Patterns (Story 12.1)","Cross-Modal Audio"],"fullName":"Audio/Voice Attack Patterns (Story 12.1) Cross-Modal Audio should detect audio-triggered injection","status":"passed","title":"should detect audio-triggered injection","duration":0.38716699999986304,"failureMessages":[],"meta":{}},{"ancestorTitles":["Audio/Voice Attack Patterns (Story 12.1)","Biometric Voice Bypass"],"fullName":"Audio/Voice Attack Patterns (Story 12.1) Biometric Voice Bypass should detect biometric voice bypass","status":"passed","title":"should detect biometric voice bypass","duration":0.3762080000001333,"failureMessages":[],"meta":{}},{"ancestorTitles":["Audio/Voice Attack Patterns (Story 12.1)","Biometric Voice Bypass"],"fullName":"Audio/Voice Attack Patterns (Story 12.1) Biometric Voice Bypass should detect voiceprint forgery","status":"passed","title":"should detect voiceprint forgery","duration":0.38120900000012625,"failureMessages":[],"meta":{}},{"ancestorTitles":["Audio/Voice Attack Patterns (Story 12.1)","Biometric Voice Bypass"],"fullName":"Audio/Voice Attack Patterns (Story 12.1) Biometric Voice Bypass should detect biometric authentication bypass","status":"passed","title":"should detect biometric authentication bypass","duration":0.39970800000014606,"failureMessages":[],"meta":{}},{"ancestorTitles":["Audio/Voice Attack Patterns (Story 12.1)","Clean Audio Content"],"fullName":"Audio/Voice Attack Patterns (Story 12.1) Clean Audio Content should allow clean voice queries","status":"passed","title":"should allow clean voice queries","duration":0.37379200000009405,"failureMessages":[],"meta":{}},{"ancestorTitles":["Audio/Voice Attack Patterns (Story 12.1)","Clean Audio Content"],"fullName":"Audio/Voice Attack Patterns (Story 12.1) Clean Audio Content should allow normal audio metadata","status":"passed","title":"should allow normal audio metadata","duration":0.3908329999999296,"failureMessages":[],"meta":{}},{"ancestorTitles":["Audio/Voice Attack Patterns (Story 12.1)","Clean Audio Content"],"fullName":"Audio/Voice Attack Patterns (Story 12.1) Clean Audio Content should allow discussion about audio formats","status":"passed","title":"should allow discussion about audio formats","duration":0.40604199999984303,"failureMessages":[],"meta":{}}],"startTime":1773521519348,"endTime":1773521519928.406,"status":"passed","message":"","name":"/Users/paultinp/BU-TPI/packages/bu-tpi/src/scanner.test.ts"},{"assertionResults":[{"ancestorTitles":["Agent Sandbox"],"fullName":"Agent Sandbox should create an isolated sandbox","status":"passed","title":"should create an isolated sandbox","duration":0.834583000000066,"failureMessages":[],"meta":{}},{"ancestorTitles":["Agent Sandbox"],"fullName":"Agent Sandbox should execute actions within sandbox","status":"passed","title":"should execute actions within sandbox","duration":0.20174999999994725,"failureMessages":[],"meta":{}},{"ancestorTitles":["Agent Sandbox"],"fullName":"Agent Sandbox should reject execution in inactive sandbox","status":"passed","title":"should reject execution in inactive sandbox","duration":0.09979199999997945,"failureMessages":[],"meta":{}},{"ancestorTitles":["Agent Sandbox"],"fullName":"Agent Sandbox should check resource limits","status":"passed","title":"should check resource limits","duration":0.08862500000009277,"failureMessages":[],"meta":{}},{"ancestorTitles":["Shared Environment"],"fullName":"Shared Environment should create environment from match config","status":"passed","title":"should create environment from match config","duration":0.14195799999993142,"failureMessages":[],"meta":{}},{"ancestorTitles":["Shared Environment"],"fullName":"Shared Environment should manage resources","status":"passed","title":"should manage resources","duration":0.0992909999999938,"failureMessages":[],"meta":{}},{"ancestorTitles":["Shared Environment"],"fullName":"Shared Environment should handle messages","status":"passed","title":"should handle messages","duration":0.234958000000006,"failureMessages":[],"meta":{}},{"ancestorTitles":["Shared Environment"],"fullName":"Shared Environment should reset environment","status":"passed","title":"should reset environment","duration":0.09520799999995688,"failureMessages":[],"meta":{}},{"ancestorTitles":["Referee"],"fullName":"Referee should detect filesystem access violation","status":"passed","title":"should detect filesystem access violation","duration":0.201041000000032,"failureMessages":[],"meta":{}},{"ancestorTitles":["Referee"],"fullName":"Referee should allow safe actions","status":"passed","title":"should allow safe actions","duration":0.27879200000006676,"failureMessages":[],"meta":{}},{"ancestorTitles":["Referee"],"fullName":"Referee should score outcomes","status":"passed","title":"should score outcomes","duration":0.13762500000007094,"failureMessages":[],"meta":{}},{"ancestorTitles":["Match Runner"],"fullName":"Match Runner should create and run a match","status":"passed","title":"should create and run a match","duration":0.5283750000000964,"failureMessages":[],"meta":{}},{"ancestorTitles":["Match Runner"],"fullName":"Match Runner should provide match status","status":"passed","title":"should provide match status","duration":0.12370800000007875,"failureMessages":[],"meta":{}},{"ancestorTitles":["Game Modes"],"fullName":"Game Modes should have 3 game modes","status":"passed","title":"should have 3 game modes","duration":0.07216700000003584,"failureMessages":[],"meta":{}},{"ancestorTitles":["Game Modes"],"fullName":"Game Modes should get game mode by name","status":"passed","title":"should get game mode by name","duration":0.05741699999998673,"failureMessages":[],"meta":{}},{"ancestorTitles":["Game Modes"],"fullName":"Game Modes should create game mode config","status":"passed","title":"should create game mode config","duration":0.08687499999996362,"failureMessages":[],"meta":{}},{"ancestorTitles":["Game Modes"],"fullName":"Game Modes should reject wrong agent count","status":"passed","title":"should reject wrong agent count","duration":0.3763749999998254,"failureMessages":[],"meta":{}},{"ancestorTitles":["Observer System"],"fullName":"Observer System should create and use observer","status":"passed","title":"should create and use observer","duration":0.19904200000019046,"failureMessages":[],"meta":{}},{"ancestorTitles":["Observer System"],"fullName":"Observer System should take snapshots","status":"passed","title":"should take snapshots","duration":0.1073750000000473,"failureMessages":[],"meta":{}},{"ancestorTitles":["Observer System"],"fullName":"Observer System should provide replay","status":"passed","title":"should provide replay","duration":0.07895800000005693,"failureMessages":[],"meta":{}}],"startTime":1773521519563,"endTime":1773521519567.3765,"status":"passed","message":"","name":"/Users/paultinp/BU-TPI/packages/bu-tpi/src/arena/arena.test.ts"},{"assertionResults":[{"ancestorTitles":["Arena Shared Environment"],"fullName":"Arena Shared Environment AE-001: createEnvironment returns a valid environment","status":"passed","title":"AE-001: createEnvironment returns a valid environment","duration":1.0295419999999922,"failureMessages":[],"meta":{}},{"ancestorTitles":["Arena Shared Environment"],"fullName":"Arena Shared Environment AE-002: createEnvironment deduplicates tools from agents","status":"passed","title":"AE-002: createEnvironment deduplicates tools from agents","duration":0.5194159999999783,"failureMessages":[],"meta":{}},{"ancestorTitles":["Arena Shared Environment"],"fullName":"Arena Shared Environment AE-003: addResource and getResource work correctly","status":"passed","title":"AE-003: addResource and getResource work correctly","duration":0.11766699999998309,"failureMessages":[],"meta":{}},{"ancestorTitles":["Arena Shared Environment"],"fullName":"Arena Shared Environment AE-004: getResource returns undefined for missing key","status":"passed","title":"AE-004: getResource returns undefined for missing key","duration":0.0762920000000804,"failureMessages":[],"meta":{}},{"ancestorTitles":["Arena Shared Environment"],"fullName":"Arena Shared Environment AE-005: removeResource removes and returns true","status":"passed","title":"AE-005: removeResource removes and returns true","duration":0.09416700000008404,"failureMessages":[],"meta":{}},{"ancestorTitles":["Arena Shared Environment"],"fullName":"Arena Shared Environment AE-006: removeResource returns false for missing key","status":"passed","title":"AE-006: removeResource returns false for missing key","duration":0.05154099999992923,"failureMessages":[],"meta":{}},{"ancestorTitles":["Arena Shared Environment"],"fullName":"Arena Shared Environment AE-007: sendMessage creates and stores a message","status":"passed","title":"AE-007: sendMessage creates and stores a message","duration":0.3669999999999618,"failureMessages":[],"meta":{}},{"ancestorTitles":["Arena Shared Environment"],"fullName":"Arena Shared Environment AE-008: sendMessage rejects oversized messages","status":"passed","title":"AE-008: sendMessage rejects oversized messages","duration":0.0680409999999938,"failureMessages":[],"meta":{}},{"ancestorTitles":["Arena Shared Environment"],"fullName":"Arena Shared Environment AE-009: sendMessage enforces per-round message limit","status":"passed","title":"AE-009: sendMessage enforces per-round message limit","duration":0.1430409999999256,"failureMessages":[],"meta":{}},{"ancestorTitles":["Arena Shared Environment"],"fullName":"Arena Shared Environment AE-010: getMessages returns all messages without filter","status":"passed","title":"AE-010: getMessages returns all messages without filter","duration":0.13258299999995415,"failureMessages":[],"meta":{}},{"ancestorTitles":["Arena Shared Environment"],"fullName":"Arena Shared Environment AE-011: getMessages filters by agent (from, to, or broadcast)","status":"passed","title":"AE-011: getMessages filters by agent (from, to, or broadcast)","duration":0.17054099999995742,"failureMessages":[],"meta":{}},{"ancestorTitles":["Arena Shared Environment"],"fullName":"Arena Shared Environment AE-012: getMessages filters by type","status":"passed","title":"AE-012: getMessages filters by type","duration":0.10133299999995415,"failureMessages":[],"meta":{}},{"ancestorTitles":["Arena Shared Environment"],"fullName":"Arena Shared Environment AE-013: getMessages filters by round","status":"passed","title":"AE-013: getMessages filters by round","duration":0.07566700000006676,"failureMessages":[],"meta":{}},{"ancestorTitles":["Arena Shared Environment"],"fullName":"Arena Shared Environment AE-014: setState and getState work correctly","status":"passed","title":"AE-014: setState and getState work correctly","duration":0.060417000000029475,"failureMessages":[],"meta":{}},{"ancestorTitles":["Arena Shared Environment"],"fullName":"Arena Shared Environment AE-015: resetEnvironment clears all data","status":"passed","title":"AE-015: resetEnvironment clears all data","duration":0.11037499999997635,"failureMessages":[],"meta":{}},{"ancestorTitles":["Arena Shared Environment"],"fullName":"Arena Shared Environment AE-016: getEnvironmentStats returns correct counts","status":"passed","title":"AE-016: getEnvironmentStats returns correct counts","duration":0.09699999999997999,"failureMessages":[],"meta":{}}],"startTime":1773521519368,"endTime":1773521519372.1104,"status":"passed","message":"","name":"/Users/paultinp/BU-TPI/packages/bu-tpi/src/arena/environment.test.ts"},{"assertionResults":[{"ancestorTitles":["Arena Game Modes"],"fullName":"Arena Game Modes GM-001: ALL_GAME_MODES contains exactly 3 modes","status":"passed","title":"GM-001: ALL_GAME_MODES contains exactly 3 modes","duration":3.2073330000000624,"failureMessages":[],"meta":{}},{"ancestorTitles":["Arena Game Modes"],"fullName":"Arena Game Modes GM-002: getGameMode returns the correct mode by name","status":"passed","title":"GM-002: getGameMode returns the correct mode by name","duration":0.3918750000000273,"failureMessages":[],"meta":{}},{"ancestorTitles":["Arena Game Modes"],"fullName":"Arena Game Modes GM-003: getGameMode returns undefined for unknown mode","status":"passed","title":"GM-003: getGameMode returns undefined for unknown mode","duration":0.16737499999999272,"failureMessages":[],"meta":{}},{"ancestorTitles":["Arena Game Modes"],"fullName":"Arena Game Modes GM-004: createGameModeConfig creates valid config for CTF","status":"passed","title":"GM-004: createGameModeConfig creates valid config for CTF","duration":0.7913750000000164,"failureMessages":[],"meta":{}},{"ancestorTitles":["Arena Game Modes"],"fullName":"Arena Game Modes GM-005: createGameModeConfig throws for too few agents","status":"passed","title":"GM-005: createGameModeConfig throws for too few agents","duration":0.8282090000000153,"failureMessages":[],"meta":{}},{"ancestorTitles":["Arena Game Modes"],"fullName":"Arena Game Modes GM-006: createGameModeConfig throws for too many agents","status":"passed","title":"GM-006: createGameModeConfig throws for too many agents","duration":0.2760000000000673,"failureMessages":[],"meta":{}},{"ancestorTitles":["Arena Game Modes"],"fullName":"Arena Game Modes GM-007: createObserver initializes empty observer","status":"passed","title":"GM-007: createObserver initializes empty observer","duration":0.515666999999894,"failureMessages":[],"meta":{}},{"ancestorTitles":["Arena Game Modes"],"fullName":"Arena Game Modes GM-008: observeEvent records events in the observer","status":"passed","title":"GM-008: observeEvent records events in the observer","duration":0.29779099999996106,"failureMessages":[],"meta":{}},{"ancestorTitles":["Arena Game Modes"],"fullName":"Arena Game Modes GM-009: takeSnapshot captures current state","status":"passed","title":"GM-009: takeSnapshot captures current state","duration":0.9895000000001346,"failureMessages":[],"meta":{}},{"ancestorTitles":["Arena Game Modes"],"fullName":"Arena Game Modes GM-010: endObservation sets endedAt timestamp","status":"passed","title":"GM-010: endObservation sets endedAt timestamp","duration":0.26050000000009277,"failureMessages":[],"meta":{}},{"ancestorTitles":["Arena Game Modes"],"fullName":"Arena Game Modes GM-011: replayRound filters events by round","status":"passed","title":"GM-011: replayRound filters events by round","duration":0.3116669999999431,"failureMessages":[],"meta":{}},{"ancestorTitles":["Arena Game Modes"],"fullName":"Arena Game Modes GM-012: getReplay returns all events, snapshots, and duration","status":"passed","title":"GM-012: getReplay returns all events, snapshots, and duration","duration":0.42450000000008004,"failureMessages":[],"meta":{}},{"ancestorTitles":["Arena Game Modes"],"fullName":"Arena Game Modes GM-013: updateLeaderboard tracks wins and losses","status":"passed","title":"GM-013: updateLeaderboard tracks wins and losses","duration":0.44466699999998127,"failureMessages":[],"meta":{}},{"ancestorTitles":["Arena Game Modes"],"fullName":"Arena Game Modes GM-014: getLeaderboard returns entries sorted by score descending","status":"passed","title":"GM-014: getLeaderboard returns entries sorted by score descending","duration":0.1704580000000533,"failureMessages":[],"meta":{}},{"ancestorTitles":["Arena Game Modes"],"fullName":"Arena Game Modes GM-015: clearLeaderboard resets the leaderboard","status":"passed","title":"GM-015: clearLeaderboard resets the leaderboard","duration":0.2571660000000975,"failureMessages":[],"meta":{}}],"startTime":1773521519419,"endTime":1773521519429.257,"status":"passed","message":"","name":"/Users/paultinp/BU-TPI/packages/bu-tpi/src/arena/game-modes.test.ts"},{"assertionResults":[{"ancestorTitles":["Arena Match Runner"],"fullName":"Arena Match Runner MR-001: createMatch returns a Match with pending status","status":"passed","title":"MR-001: createMatch returns a Match with pending status","duration":1.2382500000001073,"failureMessages":[],"meta":{}},{"ancestorTitles":["Arena Match Runner"],"fullName":"Arena Match Runner MR-002: createMatch creates sandboxes for each agent","status":"passed","title":"MR-002: createMatch creates sandboxes for each agent","duration":0.1585410000000138,"failureMessages":[],"meta":{}},{"ancestorTitles":["Arena Match Runner"],"fullName":"Arena Match Runner MR-003: createMatch throws when too many agents","status":"passed","title":"MR-003: createMatch throws when too many agents","duration":0.35820799999987685,"failureMessages":[],"meta":{}},{"ancestorTitles":["Arena Match Runner"],"fullName":"Arena Match Runner MR-004: recordEvent adds event to match and returns it","status":"passed","title":"MR-004: recordEvent adds event to match and returns it","duration":0.41116599999986647,"failureMessages":[],"meta":{}},{"ancestorTitles":["Arena Match Runner"],"fullName":"Arena Match Runner MR-005: recordEvent defaults severity to low","status":"passed","title":"MR-005: recordEvent defaults severity to low","duration":0.10462499999994179,"failureMessages":[],"meta":{}},{"ancestorTitles":["Arena Match Runner"],"fullName":"Arena Match Runner MR-006: executeRound does nothing when match is not running","status":"passed","title":"MR-006: executeRound does nothing when match is not running","duration":0.12916599999994105,"failureMessages":[],"meta":{}},{"ancestorTitles":["Arena Match Runner"],"fullName":"Arena Match Runner MR-007: executeRound increments currentRound when running","status":"passed","title":"MR-007: executeRound increments currentRound when running","duration":0.1146249999999327,"failureMessages":[],"meta":{}},{"ancestorTitles":["Arena Match Runner"],"fullName":"Arena Match Runner MR-008: runMatch sets status to running then completed","status":"passed","title":"MR-008: runMatch sets status to running then completed","duration":0.33370800000011513,"failureMessages":[],"meta":{}},{"ancestorTitles":["Arena Match Runner"],"fullName":"Arena Match Runner MR-009: runMatch returns scores and a winner","status":"passed","title":"MR-009: runMatch returns scores and a winner","duration":0.26062499999989086,"failureMessages":[],"meta":{}},{"ancestorTitles":["Arena Match Runner"],"fullName":"Arena Match Runner MR-010: getMatchStatus returns correct status object","status":"passed","title":"MR-010: getMatchStatus returns correct status object","duration":0.20404200000007222,"failureMessages":[],"meta":{}},{"ancestorTitles":["Arena Match Runner"],"fullName":"Arena Match Runner MR-011: pauseMatch sets status to paused when running","status":"passed","title":"MR-011: pauseMatch sets status to paused when running","duration":0.06875000000013642,"failureMessages":[],"meta":{}},{"ancestorTitles":["Arena Match Runner"],"fullName":"Arena Match Runner MR-012: pauseMatch does nothing when not running","status":"passed","title":"MR-012: pauseMatch does nothing when not running","duration":0.0500000000001819,"failureMessages":[],"meta":{}},{"ancestorTitles":["Arena Match Runner"],"fullName":"Arena Match Runner MR-013: resumeMatch resumes a paused match","status":"passed","title":"MR-013: resumeMatch resumes a paused match","duration":0.15087500000004184,"failureMessages":[],"meta":{}},{"ancestorTitles":["Arena Match Runner"],"fullName":"Arena Match Runner MR-014: runMatch caps maxRounds at 100","status":"passed","title":"MR-014: runMatch caps maxRounds at 100","duration":0.8718339999998079,"failureMessages":[],"meta":{}}],"startTime":1773521519395,"endTime":1773521519399.8718,"status":"passed","message":"","name":"/Users/paultinp/BU-TPI/packages/bu-tpi/src/arena/match-runner.test.ts"},{"assertionResults":[{"ancestorTitles":["Arena Referee"],"fullName":"Arena Referee RF-001: createReferee initializes with default rules when none provided","status":"passed","title":"RF-001: createReferee initializes with default rules when none provided","duration":1.1071249999999964,"failureMessages":[],"meta":{}},{"ancestorTitles":["Arena Referee"],"fullName":"Arena Referee RF-002: createReferee accepts custom rules","status":"passed","title":"RF-002: createReferee accepts custom rules","duration":0.13374999999996362,"failureMessages":[],"meta":{}},{"ancestorTitles":["Arena Referee"],"fullName":"Arena Referee RF-003: evaluateAction returns null for clean events","status":"passed","title":"RF-003: evaluateAction returns null for clean events","duration":0.40399999999999636,"failureMessages":[],"meta":{}},{"ancestorTitles":["Arena Referee"],"fullName":"Arena Referee RF-004: evaluateAction detects filesystem access and returns elimination","status":"passed","title":"RF-004: evaluateAction detects filesystem access and returns elimination","duration":0.33562499999993634,"failureMessages":[],"meta":{}},{"ancestorTitles":["Arena Referee"],"fullName":"Arena Referee RF-005: evaluateAction detects network access","status":"passed","title":"RF-005: evaluateAction detects network access","duration":0.10025000000018736,"failureMessages":[],"meta":{}},{"ancestorTitles":["Arena Referee"],"fullName":"Arena Referee RF-006: evaluateAction detects process spawning","status":"passed","title":"RF-006: evaluateAction detects process spawning","duration":0.08449999999993452,"failureMessages":[],"meta":{}},{"ancestorTitles":["Arena Referee"],"fullName":"Arena Referee RF-007: evaluateAction detects message size violation as warning","status":"passed","title":"RF-007: evaluateAction detects message size violation as warning","duration":0.12091699999996308,"failureMessages":[],"meta":{}},{"ancestorTitles":["Arena Referee"],"fullName":"Arena Referee RF-008: checkViolation returns violation without recording it","status":"passed","title":"RF-008: checkViolation returns violation without recording it","duration":0.12650000000007822,"failureMessages":[],"meta":{}},{"ancestorTitles":["Arena Referee"],"fullName":"Arena Referee RF-009: checkViolation returns null for clean events","status":"passed","title":"RF-009: checkViolation returns null for clean events","duration":0.05912499999999454,"failureMessages":[],"meta":{}},{"ancestorTitles":["Arena Referee"],"fullName":"Arena Referee RF-010: scoreOutcome gives points for events by severity","status":"passed","title":"RF-010: scoreOutcome gives points for events by severity","duration":0.13504200000011224,"failureMessages":[],"meta":{}},{"ancestorTitles":["Arena Referee"],"fullName":"Arena Referee RF-011: scoreOutcome deducts points for violations","status":"passed","title":"RF-011: scoreOutcome deducts points for violations","duration":0.0774589999998625,"failureMessages":[],"meta":{}},{"ancestorTitles":["Arena Referee"],"fullName":"Arena Referee RF-012: scoreOutcome initializes unknown agents with 0","status":"passed","title":"RF-012: scoreOutcome initializes unknown agents with 0","duration":0.0502080000001115,"failureMessages":[],"meta":{}},{"ancestorTitles":["Arena Referee"],"fullName":"Arena Referee RF-013: DEFAULT_RULES contains 4 built-in rules","status":"passed","title":"RF-013: DEFAULT_RULES contains 4 built-in rules","duration":0.27270899999984977,"failureMessages":[],"meta":{}},{"ancestorTitles":["Arena Referee"],"fullName":"Arena Referee RF-014: evaluateAction records decision with correct round and timestamp","status":"passed","title":"RF-014: evaluateAction records decision with correct round and timestamp","duration":0.10162500000001273,"failureMessages":[],"meta":{}}],"startTime":1773521519568,"endTime":1773521519571.2727,"status":"passed","message":"","name":"/Users/paultinp/BU-TPI/packages/bu-tpi/src/arena/referee.test.ts"},{"assertionResults":[{"ancestorTitles":["Arena Agent Sandbox"],"fullName":"Arena Agent Sandbox SB-001: createSandbox returns a valid active sandbox","status":"passed","title":"SB-001: createSandbox returns a valid active sandbox","duration":0.8300420000000486,"failureMessages":[],"meta":{}},{"ancestorTitles":["Arena Agent Sandbox"],"fullName":"Arena Agent Sandbox SB-002: createSandbox copies agent capabilities to allowedTools","status":"passed","title":"SB-002: createSandbox copies agent capabilities to allowedTools","duration":0.32829100000003564,"failureMessages":[],"meta":{}},{"ancestorTitles":["Arena Agent Sandbox"],"fullName":"Arena Agent Sandbox SB-003: createSandbox uses minimum of agent and arena timeout","status":"passed","title":"SB-003: createSandbox uses minimum of agent and arena timeout","duration":0.10116599999992104,"failureMessages":[],"meta":{}},{"ancestorTitles":["Arena Agent Sandbox"],"fullName":"Arena Agent Sandbox SB-004: executeInSandbox runs synchronous action successfully","status":"passed","title":"SB-004: executeInSandbox runs synchronous action successfully","duration":0.19829200000003766,"failureMessages":[],"meta":{}},{"ancestorTitles":["Arena Agent Sandbox"],"fullName":"Arena Agent Sandbox SB-005: executeInSandbox runs async action successfully","status":"passed","title":"SB-005: executeInSandbox runs async action successfully","duration":0.09691699999984849,"failureMessages":[],"meta":{}},{"ancestorTitles":["Arena Agent Sandbox"],"fullName":"Arena Agent Sandbox SB-006: executeInSandbox increments actionCount","status":"passed","title":"SB-006: executeInSandbox increments actionCount","duration":0.0833749999999327,"failureMessages":[],"meta":{}},{"ancestorTitles":["Arena Agent Sandbox"],"fullName":"Arena Agent Sandbox SB-007: executeInSandbox rejects when sandbox is inactive","status":"passed","title":"SB-007: executeInSandbox rejects when sandbox is inactive","duration":0.0805000000000291,"failureMessages":[],"meta":{}},{"ancestorTitles":["Arena Agent Sandbox"],"fullName":"Arena Agent Sandbox SB-008: executeInSandbox rejects when action limit exceeded","status":"passed","title":"SB-008: executeInSandbox rejects when action limit exceeded","duration":0.07699999999999818,"failureMessages":[],"meta":{}},{"ancestorTitles":["Arena Agent Sandbox"],"fullName":"Arena Agent Sandbox SB-009: executeInSandbox catches thrown errors","status":"passed","title":"SB-009: executeInSandbox catches thrown errors","duration":0.09770899999989524,"failureMessages":[],"meta":{}},{"ancestorTitles":["Arena Agent Sandbox"],"fullName":"Arena Agent Sandbox SB-010: executeInSandbox handles non-Error throws","status":"passed","title":"SB-010: executeInSandbox handles non-Error throws","duration":0.0850839999998243,"failureMessages":[],"meta":{}},{"ancestorTitles":["Arena Agent Sandbox"],"fullName":"Arena Agent Sandbox SB-011: getIsolatedState returns a copy of the state","status":"passed","title":"SB-011: getIsolatedState returns a copy of the state","duration":0.08312500000010914,"failureMessages":[],"meta":{}},{"ancestorTitles":["Arena Agent Sandbox"],"fullName":"Arena Agent Sandbox SB-012: setIsolatedState stores values in sandbox","status":"passed","title":"SB-012: setIsolatedState stores values in sandbox","duration":0.07854100000008657,"failureMessages":[],"meta":{}},{"ancestorTitles":["Arena Agent Sandbox"],"fullName":"Arena Agent Sandbox SB-013: destroySandbox deactivates and clears state","status":"passed","title":"SB-013: destroySandbox deactivates and clears state","duration":0.05054199999995035,"failureMessages":[],"meta":{}},{"ancestorTitles":["Arena Agent Sandbox"],"fullName":"Arena Agent Sandbox SB-014: isWithinLimits returns true when under limits","status":"passed","title":"SB-014: isWithinLimits returns true when under limits","duration":0.4317080000000715,"failureMessages":[],"meta":{}},{"ancestorTitles":["Arena Agent Sandbox"],"fullName":"Arena Agent Sandbox SB-015: isWithinLimits reports action limit violation","status":"passed","title":"SB-015: isWithinLimits reports action limit violation","duration":0.20991600000002109,"failureMessages":[],"meta":{}},{"ancestorTitles":["Arena Agent Sandbox"],"fullName":"Arena Agent Sandbox SB-016: isWithinLimits reports message limit violation","status":"passed","title":"SB-016: isWithinLimits reports message limit violation","duration":0.07687499999997272,"failureMessages":[],"meta":{}}],"startTime":1773521519543,"endTime":1773521519546.077,"status":"passed","message":"","name":"/Users/paultinp/BU-TPI/packages/bu-tpi/src/arena/sandbox.test.ts"},{"assertionResults":[{"ancestorTitles":["AuditLogger","Basic operations"],"fullName":"AuditLogger Basic operations should start with zero entries","status":"passed","title":"should start with zero entries","duration":0.813707999999906,"failureMessages":[],"meta":{}},{"ancestorTitles":["AuditLogger","Basic operations"],"fullName":"AuditLogger Basic operations should log a scan operation","status":"passed","title":"should log a scan operation","duration":0.9884590000001481,"failureMessages":[],"meta":{}},{"ancestorTitles":["AuditLogger","Basic operations"],"fullName":"AuditLogger Basic operations should hash input (NOT store content)","status":"passed","title":"should hash input (NOT store content)","duration":0.17104199999994307,"failureMessages":[],"meta":{}},{"ancestorTitles":["AuditLogger","Session scan logging"],"fullName":"AuditLogger Session scan logging should log session scan with turn count","status":"passed","title":"should log session scan with turn count","duration":0.9383750000001783,"failureMessages":[],"meta":{}},{"ancestorTitles":["AuditLogger","Module event logging"],"fullName":"AuditLogger Module event logging should log module registration","status":"passed","title":"should log module registration","duration":0.3476250000001073,"failureMessages":[],"meta":{}},{"ancestorTitles":["AuditLogger","Module event logging"],"fullName":"AuditLogger Module event logging should skip module events at minimal level","status":"passed","title":"should skip module events at minimal level","duration":0.2148339999998825,"failureMessages":[],"meta":{}},{"ancestorTitles":["AuditLogger","Entry retrieval"],"fullName":"AuditLogger Entry retrieval should return newest first","status":"passed","title":"should return newest first","duration":0.2915419999999358,"failureMessages":[],"meta":{}},{"ancestorTitles":["AuditLogger","Entry retrieval"],"fullName":"AuditLogger Entry retrieval should support pagination","status":"passed","title":"should support pagination","duration":1.0514579999999114,"failureMessages":[],"meta":{}},{"ancestorTitles":["AuditLogger","Entry retrieval"],"fullName":"AuditLogger Entry retrieval should filter by operation","status":"passed","title":"should filter by operation","duration":0.2872090000000753,"failureMessages":[],"meta":{}},{"ancestorTitles":["AuditLogger","Export"],"fullName":"AuditLogger Export should export to JSON","status":"passed","title":"should export to JSON","duration":0.42487499999992906,"failureMessages":[],"meta":{}},{"ancestorTitles":["AuditLogger","Export"],"fullName":"AuditLogger Export should export to CSV","status":"passed","title":"should export to CSV","duration":0.40779200000019955,"failureMessages":[],"meta":{}},{"ancestorTitles":["AuditLogger","Retention"],"fullName":"AuditLogger Retention should enforce count-based rotation","status":"passed","title":"should enforce count-based rotation","duration":0.2535419999999249,"failureMessages":[],"meta":{}},{"ancestorTitles":["AuditLogger","Retention"],"fullName":"AuditLogger Retention should clear all entries","status":"passed","title":"should clear all entries","duration":0.1615830000000642,"failureMessages":[],"meta":{}},{"ancestorTitles":["AuditLogger","Configuration"],"fullName":"AuditLogger Configuration should have default config","status":"passed","title":"should have default config","duration":0.13341600000012477,"failureMessages":[],"meta":{}},{"ancestorTitles":["AuditLogger","Configuration"],"fullName":"AuditLogger Configuration should update config","status":"passed","title":"should update config","duration":0.12733300000013514,"failureMessages":[],"meta":{}},{"ancestorTitles":["AuditLogger","Configuration"],"fullName":"AuditLogger Configuration should include metadata at verbose level","status":"passed","title":"should include metadata at verbose level","duration":0.30654200000003584,"failureMessages":[],"meta":{}},{"ancestorTitles":["AuditLogger","Configuration"],"fullName":"AuditLogger Configuration should NOT include metadata at standard level","status":"passed","title":"should NOT include metadata at standard level","duration":0.153583000000026,"failureMessages":[],"meta":{}}],"startTime":1773521519440,"endTime":1773521519447.3066,"status":"passed","message":"","name":"/Users/paultinp/BU-TPI/packages/bu-tpi/src/audit/audit-logger.test.ts"},{"assertionResults":[{"ancestorTitles":["Lineage Engine"],"fullName":"Lineage Engine should create an empty graph","status":"passed","title":"should create an empty graph","duration":0.6268330000000333,"failureMessages":[],"meta":{}},{"ancestorTitles":["Lineage Engine"],"fullName":"Lineage Engine should add nodes to graph","status":"passed","title":"should add nodes to graph","duration":0.27337499999998727,"failureMessages":[],"meta":{}},{"ancestorTitles":["Lineage Engine"],"fullName":"Lineage Engine should calculate similarity between texts","status":"passed","title":"should calculate similarity between texts","duration":0.1801660000000993,"failureMessages":[],"meta":{}},{"ancestorTitles":["Lineage Engine"],"fullName":"Lineage Engine should analyze lineage and create edges","status":"passed","title":"should analyze lineage and create edges","duration":0.2431659999999738,"failureMessages":[],"meta":{}},{"ancestorTitles":["Lineage Engine"],"fullName":"Lineage Engine should cluster similar attacks","status":"passed","title":"should cluster similar attacks","duration":0.16141700000002857,"failureMessages":[],"meta":{}},{"ancestorTitles":["Lineage Engine"],"fullName":"Lineage Engine should build families from lineage","status":"passed","title":"should build families from lineage","duration":0.2109579999998914,"failureMessages":[],"meta":{}},{"ancestorTitles":["Lineage Engine"],"fullName":"Lineage Engine should hypothesize intermediate links","status":"passed","title":"should hypothesize intermediate links","duration":0.1145840000001499,"failureMessages":[],"meta":{}},{"ancestorTitles":["Lineage Engine"],"fullName":"Lineage Engine should get lineage stats","status":"passed","title":"should get lineage stats","duration":0.1392080000000533,"failureMessages":[],"meta":{}},{"ancestorTitles":["Mutation Detector"],"fullName":"Mutation Detector should detect mutations between parent and child","status":"passed","title":"should detect mutations between parent and child","duration":0.2537079999999605,"failureMessages":[],"meta":{}},{"ancestorTitles":["Mutation Detector"],"fullName":"Mutation Detector should predict next variants","status":"passed","title":"should predict next variants","duration":0.2719999999999345,"failureMessages":[],"meta":{}},{"ancestorTitles":["Mutation Detector"],"fullName":"Mutation Detector should analyze mutation trends","status":"passed","title":"should analyze mutation trends","duration":0.14929099999994833,"failureMessages":[],"meta":{}},{"ancestorTitles":["Graph Builder"],"fullName":"Graph Builder should build visualization graph data","status":"passed","title":"should build visualization graph data","duration":0.41829200000006495,"failureMessages":[],"meta":{}},{"ancestorTitles":["Graph Builder"],"fullName":"Graph Builder should build timeline","status":"passed","title":"should build timeline","duration":0.11350000000015825,"failureMessages":[],"meta":{}},{"ancestorTitles":["Graph Builder"],"fullName":"Graph Builder should filter by category","status":"passed","title":"should filter by category","duration":0.11799999999993815,"failureMessages":[],"meta":{}},{"ancestorTitles":["Graph Builder"],"fullName":"Graph Builder should search graph","status":"passed","title":"should search graph","duration":0.09133399999996072,"failureMessages":[],"meta":{}},{"ancestorTitles":["Graph Builder"],"fullName":"Graph Builder should get graph stats","status":"passed","title":"should get graph stats","duration":0.10883300000000418,"failureMessages":[],"meta":{}}],"startTime":1773521519424,"endTime":1773521519428.109,"status":"passed","message":"","name":"/Users/paultinp/BU-TPI/packages/bu-tpi/src/attackdna/attackdna.test.ts"},{"assertionResults":[{"ancestorTitles":["graph-builder"],"fullName":"graph-builder T-GB-01: buildGraphData converts lineage nodes to GraphNode format","status":"passed","title":"T-GB-01: buildGraphData converts lineage nodes to GraphNode format","duration":1.1549589999999625,"failureMessages":[],"meta":{}},{"ancestorTitles":["graph-builder"],"fullName":"graph-builder T-GB-02: buildGraphData assigns correct sizes based on severity","status":"passed","title":"T-GB-02: buildGraphData assigns correct sizes based on severity","duration":0.17966599999999744,"failureMessages":[],"meta":{}},{"ancestorTitles":["graph-builder"],"fullName":"graph-builder T-GB-03: buildGraphData assigns known category color","status":"passed","title":"T-GB-03: buildGraphData assigns known category color","duration":0.08920800000009876,"failureMessages":[],"meta":{}},{"ancestorTitles":["graph-builder"],"fullName":"graph-builder T-GB-04: buildGraphData assigns fallback color for unknown category","status":"passed","title":"T-GB-04: buildGraphData assigns fallback color for unknown category","duration":0.08720799999991868,"failureMessages":[],"meta":{}},{"ancestorTitles":["graph-builder"],"fullName":"graph-builder T-GB-05: buildGraphData converts edges to source/target format","status":"passed","title":"T-GB-05: buildGraphData converts edges to source/target format","duration":0.17966599999999744,"failureMessages":[],"meta":{}},{"ancestorTitles":["graph-builder"],"fullName":"graph-builder T-GB-06: buildTimeline includes first-observed events for each node","status":"passed","title":"T-GB-06: buildTimeline includes first-observed events for each node","duration":0.13508299999989504,"failureMessages":[],"meta":{}},{"ancestorTitles":["graph-builder"],"fullName":"graph-builder T-GB-07: buildTimeline includes mutation events from edges","status":"passed","title":"T-GB-07: buildTimeline includes mutation events from edges","duration":0.08804200000008677,"failureMessages":[],"meta":{}},{"ancestorTitles":["graph-builder"],"fullName":"graph-builder T-GB-08: buildTimeline sorts entries chronologically","status":"passed","title":"T-GB-08: buildTimeline sorts entries chronologically","duration":0.09479200000009769,"failureMessages":[],"meta":{}},{"an
[...]
"meta":{}},{"ancestorTitles":["CustomProvider"],"fullName":"CustomProvider CUST-T17: config baseUrl overrides template baseUrl","status":"passed","title":"CUST-T17: config baseUrl overrides template baseUrl","duration":0.09729099999992741,"failureMessages":[],"meta":{}},{"ancestorTitles":["CustomProvider"],"fullName":"CustomProvider CUST-T18: merges template and config custom headers","status":"passed","title":"CUST-T18: merges template and config custom headers","duration":0.10291700000004766,"failureMessages":[],"meta":{}}],"startTime":1773521519022,"endTime":1773521519042.103,"status":"passed","message":"","name":"/Users/paultinp/BU-TPI/packages/bu-tpi/src/llm/providers/custom.test.ts"},{"assertionResults":[{"ancestorTitles":["GoogleProvider"],"fullName":"GoogleProvider GOO-T01: initializes with correct provider type and streaming support","status":"passed","title":"GOO-T01: initializes with correct provider type and streaming support","duration":1.462709000000018,"failureMessages":[],"meta":{}},{"ancestorTitles":["GoogleProvider"],"fullName":"GoogleProvider GOO-T02: execute uses query param auth with model in URL path","status":"passed","title":"GOO-T02: execute uses query param auth with model in URL path","duration":10.766916999999921,"failureMessages":[],"meta":{}},{"ancestorTitles":["GoogleProvider"],"fullName":"GoogleProvider GOO-T03: parses candidates, usage metadata from Google response","status":"passed","title":"GOO-T03: parses candidates, usage metadata from Google response","duration":0.20920799999998962,"failureMessages":[],"meta":{}},{"ancestorTitles":["GoogleProvider"],"fullName":"GoogleProvider GOO-T04: marks response as filtered when finishReason is SAFETY","status":"passed","title":"GOO-T04: marks response as filtered when finishReason is SAFETY","duration":0.32912499999997635,"failureMessages":[],"meta":{}},{"ancestorTitles":["GoogleProvider"],"fullName":"GoogleProvider GOO-T05: throws AuthenticationError when API key is missing","status":"passed","title":"GOO-T05: throws AuthenticationError when API key is missing","duration":0.6558340000000271,"failureMessages":[],"meta":{}},{"ancestorTitles":["GoogleProvider"],"fullName":"GoogleProvider GOO-T06: includes system message as user/model exchange in contents","status":"passed","title":"GOO-T06: includes system message as user/model exchange in contents","duration":0.9424169999999776,"failureMessages":[],"meta":{}},{"ancestorTitles":["GoogleProvider"],"fullName":"GoogleProvider GOO-T07: redacts API key in error messages to prevent leaks","status":"passed","title":"GOO-T07: redacts API key in error messages to prevent leaks","duration":0.14916600000003655,"failureMessages":[],"meta":{}},{"ancestorTitles":["GoogleProvider"],"fullName":"GoogleProvider GOO-T08: validateConfig returns false for empty model or missing key","status":"passed","title":"GOO-T08: validateConfig returns false for empty model or missing key","duration":0.09108400000002348,"failureMessages":[],"meta":{}},{"ancestorTitles":["GoogleProvider"],"fullName":"GoogleProvider GOO-T09: getMaxContext returns correct values for known and unknown models","status":"passed","title":"GOO-T09: getMaxContext returns correct values for known and unknown models","duration":0.08837499999992815,"failureMessages":[],"meta":{}},{"ancestorTitles":["GoogleProvider"],"fullName":"GoogleProvider GOO-T10: estimateCost calculates with Google pricing","status":"passed","title":"GOO-T10: estimateCost calculates with Google pricing","duration":0.4574999999999818,"failureMessages":[],"meta":{}},{"ancestorTitles":["GoogleProvider"],"fullName":"GoogleProvider GOO-T11: testConnection calls models endpoint with API key in query","status":"passed","title":"GOO-T11: testConnection calls models endpoint with API key in query","duration":0.13279199999999491,"failureMessages":[],"meta":{}},{"ancestorTitles":["GoogleProvider"],"fullName":"GoogleProvider GOO-T12: testConnection returns false on network failure","status":"passed","title":"GOO-T12: testConnection returns false on network failure","duration":0.07358400000009624,"failureMessages":[],"meta":{}},{"ancestorTitles":["GoogleProvider"],"fullName":"GoogleProvider GOO-T13: checkStatus returns available or unavailable based on connection","status":"passed","title":"GOO-T13: checkStatus returns available or unavailable based on connection","duration":0.09120900000004895,"failureMessages":[],"meta":{}},{"ancestorTitles":["GoogleProvider"],"fullName":"GoogleProvider GOO-T14: streamExecute calls onChunk for each word then done","status":"passed","title":"GOO-T14: streamExecute calls onChunk for each word then done","duration":0.20708300000001145,"failureMessages":[],"meta":{}},{"ancestorTitles":["GoogleProvider"],"fullName":"GoogleProvider GOO-T15: URL-encodes model name to prevent path injection","status":"passed","title":"GOO-T15: URL-encodes model name to prevent path injection","duration":0.10862499999996089,"failureMessages":[],"meta":{}},{"ancestorTitles":["GoogleProvider"],"fullName":"GoogleProvider GOO-T16: exports a singleton googleProvider instance","status":"passed","title":"GOO-T16: exports a singleton googleProvider instance","duration":0.23895900000002257,"failureMessages":[],"meta":{}}],"startTime":1773521519023,"endTime":1773521519038.239,"status":"passed","message":"","name":"/Users/paultinp/BU-TPI/packages/bu-tpi/src/llm/providers/google.test.ts"},{"assertionResults":[{"ancestorTitles":["OpenAI-Compatible Registry"],"fullName":"OpenAI-Compatible Registry REG-T01: creates an OpenAICompatibleProvider from a preset","status":"passed","title":"REG-T01: creates an OpenAICompatibleProvider from a preset","duration":1.397375000000011,"failureMessages":[],"meta":{}},{"ancestorTitles":["OpenAI-Compatible Registry"],"fullName":"OpenAI-Compatible Registry REG-T02: registers OpenAI-compatible cloud presets","status":"passed","title":"REG-T02: registers OpenAI-compatible cloud presets","duration":0.237041999999974,"failureMessages":[],"meta":{}},{"ancestorTitles":["OpenAI-Compatible Registry"],"fullName":"OpenAI-Compatible Registry REG-T03: skips non-OpenAI-compatible cloud presets","status":"passed","title":"REG-T03: skips non-OpenAI-compatible cloud presets","duration":0.12470800000005511,"failureMessages":[],"meta":{}},{"ancestorTitles":["OpenAI-Compatible Registry"],"fullName":"OpenAI-Compatible Registry REG-T04: excludes anthropic even if marked isOpenAICompatible","status":"passed","title":"REG-T04: excludes anthropic even if marked isOpenAICompatible","duration":0.13412500000004002,"failureMessages":[],"meta":{}},{"ancestorTitles":["OpenAI-Compatible Registry"],"fullName":"OpenAI-Compatible Registry REG-T05: excludes google even if marked isOpenAICompatible","status":"passed","title":"REG-T05: excludes google even if marked isOpenAICompatible","duration":0.08737500000006548,"failureMessages":[],"meta":{}},{"ancestorTitles":["OpenAI-Compatible Registry"],"fullName":"OpenAI-Compatible Registry REG-T06: excludes cohere even if marked isOpenAICompatible","status":"passed","title":"REG-T06: excludes cohere even if marked isOpenAICompatible","duration":0.06704100000001745,"failureMessages":[],"meta":{}},{"ancestorTitles":["OpenAI-Compatible Registry"],"fullName":"OpenAI-Compatible Registry REG-T07: excludes ai21, replicate, cloudflare, and aleph-alpha","status":"passed","title":"REG-T07: excludes ai21, replicate, cloudflare, and aleph-alpha","duration":0.06874999999990905,"failureMessages":[],"meta":{}},{"ancestorTitles":["OpenAI-Compatible Registry"],"fullName":"OpenAI-Compatible Registry REG-T08: registers OpenAI-compatible local presets","status":"passed","title":"REG-T08: registers OpenAI-compatible local presets","duration":0.09741600000006656,"failureMessages":[],"meta":{}},{"ancestorTitles":["OpenAI-Compatible Registry"],"fullName":"OpenAI-Compatible Registry REG-T09: skips local presets with isOpenAICompatible false","status":"passed","title":"REG-T09: skips local presets with isOpenAICompatible false","duration":0.06574999999997999,"failureMessages":[],"meta":{}},{"ancestorTitles":["OpenAI-Compatible Registry"],"fullName":"OpenAI-Compatible Registry REG-T10: registers both cloud and local compatible presets together","status":"passed","title":"REG-T10: registers both cloud and local compatible presets together","duration":0.08758399999987887,"failureMessages":[],"meta":{}},{"ancestorTitles":["OpenAI-Compatible Registry"],"fullName":"OpenAI-Compatible Registry REG-T11: handles empty cloud and local presets without error","status":"passed","title":"REG-T11: handles empty cloud and local presets without error","duration":0.37150000000019645,"failureMessages":[],"meta":{}},{"ancestorTitles":["OpenAI-Compatible Registry"],"fullName":"OpenAI-Compatible Registry REG-T12: excludes cohere-v2 from registration","status":"passed","title":"REG-T12: excludes cohere-v2 from registration","duration":0.0574579999999969,"failureMessages":[],"meta":{}}],"startTime":1773521519593,"endTime":1773521519596.3716,"status":"passed","message":"","name":"/Users/paultinp/BU-TPI/packages/bu-tpi/src/llm/providers/openai-compatible-registry.test.ts"},{"assertionResults":[{"ancestorTitles":["OpenAICompatibleProvider"],"fullName":"OpenAICompatibleProvider OAI-T01: initializes with correct provider type and defaults","status":"passed","title":"OAI-T01: initializes with correct provider type and defaults","duration":0.7324999999999591,"failureMessages":[],"meta":{}},{"ancestorTitles":["OpenAICompatibleProvider"],"fullName":"OpenAICompatibleProvider OAI-T02: initializes with a provider preset overriding defaults","status":"passed","title":"OAI-T02: initializes with a provider preset overriding defaults","duration":0.09300000000007458,"failureMessages":[],"meta":{}},{"ancestorTitles":["OpenAICompatibleProvider"],"fullName":"OpenAICompatibleProvider OAI-T03: execute sends correct request body and parses OpenAI response","status":"passed","title":"OAI-T03: execute sends correct request body and parses OpenAI response","duration":13.522416000000021,"failureMessages":[],"meta":{}},{"ancestorTitles":["OpenAICompatibleProvider"],"fullName":"OpenAICompatibleProvider OAI-T04: execute includes system message in request body","status":"passed","title":"OAI-T04: execute includes system message in request body","duration":1.5159170000000586,"failureMessages":[],"meta":{}},{"ancestorTitles":["OpenAICompatibleProvider"],"fullName":"OpenAICompatibleProvider OAI-T05: marks response as filtered when finish_reason is content_filter","status":"passed","title":"OAI-T05: marks response as filtered when finish_reason is content_filter","duration":0.19062499999995453,"failureMessages":[],"meta":{}},{"ancestorTitles":["OpenAICompatibleProvider"],"fullName":"OpenAICompatibleProvider OAI-T06: throws error when API key is missing for cloud provider","status":"passed","title":"OAI-T06: throws error when API key is missing for cloud provider","duration":0.7020420000000058,"failureMessages":[],"meta":{}},{"ancestorTitles":["OpenAICompatibleProvider"],"fullName":"OpenAICompatibleProvider OAI-T07: throws AuthenticationError on 401 response","status":"passed","title":"OAI-T07: throws AuthenticationError on 401 response","duration":0.2622920000000022,"failureMessages":[],"meta":{}},{"ancestorTitles":["OpenAICompatibleProvider"],"fullName":"OpenAICompatibleProvider OAI-T08: wraps unexpected errors in NetworkError","status":"passed","title":"OAI-T08: wraps unexpected errors in NetworkError","duration":0.150916000000052,"failureMessages":[],"meta":{}},{"ancestorTitles":["OpenAICompatibleProvider"],"fullName":"OpenAICompatibleProvider OAI-T09: validateConfig returns false when model is empty","status":"passed","title":"OAI-T09: validateConfig returns false when model is empty","duration":0.07291699999996126,"failureMessages":[],"meta":{}},{"ancestorTitles":["OpenAICompatibleProvider"],"fullName":"OpenAICompatibleProvider OAI-T10: validateConfig accepts local provider (ollama) without API key","status":"passed","title":"OAI-T10: validateConfig accepts local provider (ollama) without API key","duration":0.07804200000009587,"failureMessages":[],"meta":{}},{"ancestorTitles":["OpenAICompatibleProvider"],"fullName":"OpenAICompatibleProvider OAI-T11: streamExecute throws not-supported error","status":"passed","title":"OAI-T11: streamExecute throws not-supported error","duration":0.12070800000003601,"failureMessages":[],"meta":{}},{"ancestorTitles":["OpenAICompatibleProvider"],"fullName":"OpenAICompatibleProvider OAI-T12: getMaxContext returns correct value for known models","status":"passed","title":"OAI-T12: getMaxContext returns correct value for known models","duration":0.0829590000000735,"failureMessages":[],"meta":{}},{"ancestorTitles":["OpenAICompatibleProvider"],"fullName":"OpenAICompatibleProvider OAI-T13: getMaxContext returns default 32768 for unknown model","status":"passed","title":"OAI-T13: getMaxContext returns default 32768 for unknown model","duration":0.0484159999999747,"failureMessages":[],"meta":{}},{"ancestorTitles":["OpenAICompatibleProvider"],"fullName":"OpenAICompatibleProvider OAI-T14: estimateCost returns 0 for local providers","status":"passed","title":"OAI-T14: estimateCost returns 0 for local providers","duration":0.04808300000001964,"failureMessages":[],"meta":{}},{"ancestorTitles":["OpenAICompatibleProvider"],"fullName":"OpenAICompatibleProvider OAI-T15: estimateCost calculates cost for cloud providers","status":"passed","title":"OAI-T15: estimateCost calculates cost for cloud providers","duration":0.06600000000003092,"failureMessages":[],"meta":{}},{"ancestorTitles":["OpenAICompatibleProvider"],"fullName":"OpenAICompatibleProvider OAI-T16: testConnection returns true when models endpoint responds ok","status":"passed","title":"OAI-T16: testConnection returns true when models endpoint responds ok","duration":0.07191699999998491,"failureMessages":[],"meta":{}},{"ancestorTitles":["OpenAICompatibleProvider"],"fullName":"OpenAICompatibleProvider OAI-T17: testConnection returns false on network failure","status":"passed","title":"OAI-T17: testConnection returns false on network failure","duration":0.056833000000096945,"failureMessages":[],"meta":{}},{"ancestorTitles":["OpenAICompatibleProvider"],"fullName":"OpenAICompatibleProvider OAI-T18: checkStatus returns available when test connection succeeds","status":"passed","title":"OAI-T18: checkStatus returns available when test connection succeeds","duration":0.05595899999991616,"failureMessages":[],"meta":{}},{"ancestorTitles":["OpenAICompatibleProvider"],"fullName":"OpenAICompatibleProvider OAI-T19: builds Authorization Bearer header by default","status":"passed","title":"OAI-T19: builds Authorization Bearer header by default","duration":0.09637499999996635,"failureMessages":[],"meta":{}},{"ancestorTitles":["OpenAICompatibleProvider"],"fullName":"OpenAICompatibleProvider OAI-T20: uses api-key-header auth type from preset","status":"passed","title":"OAI-T20: uses api-key-header auth type from preset","duration":0.09529199999997218,"failureMessages":[],"meta":{}},{"ancestorTitles":["OpenAICompatibleProvider"],"fullName":"OpenAICompatibleProvider OAI-T21: includes topP and stopSequences in request body when provided","status":"passed","title":"OAI-T21: includes topP and stopSequences in request body when provided","duration":0.12250000000005912,"failureMessages":[],"meta":{}},{"ancestorTitles":["OpenAICompatibleProvider"],"fullName":"OpenAICompatibleProvider OAI-T22: returns empty text when response has no choices","status":"passed","title":"OAI-T22: returns empty text when response has no choices","duration":0.06833300000005238,"failureMessages":[],"meta":{}}],"startTime":1773521519021,"endTime":1773521519039.1226,"status":"passed","message":"","name":"/Users/paultinp/BU-TPI/packages/bu-tpi/src/llm/providers/openai-compatible.test.ts"},{"assertionResults":[{"ancestorTitles":["ReplicateProvider"],"fullName":"ReplicateProvider REP-T01: initializes with correct provider type and no streaming","status":"passed","title":"REP-T01: initializes with correct provider type and no streaming","duration":1.5148329999999532,"failureMessages":[],"meta":{}},{"ancestorTitles":["ReplicateProvider"],"fullName":"ReplicateProvider REP-T02: creates prediction with correct request format","status":"passed","title":"REP-T02: creates prediction with correct request format","duration":16.706540999999902,"failureMessages":[],"meta":{}},{"ancestorTitles":["ReplicateProvider"],"fullName":"ReplicateProvider REP-T03: joins array output into text","status":"passed","title":"REP-T03: joins array output into text","duration":0.3069160000000011,"failureMessages":[],"meta":{}},{"ancestorTitles":["ReplicateProvider"],"fullName":"ReplicateProvider REP-T04: throws AuthenticationError when API key is missing","status":"passed","title":"REP-T04: throws AuthenticationError when API key is missing","duration":0.5970419999999876,"failureMessages":[],"meta":{}},{"ancestorTitles":["ReplicateProvider"],"fullName":"ReplicateProvider REP-T05: throws on non-ok prediction creation response","status":"passed","title":"REP-T05: throws on non-ok prediction creation response","duration":0.5584589999999707,"failureMessages":[],"meta":{}},{"ancestorTitles":["ReplicateProvider"],"fullName":"ReplicateProvider REP-T06: passes system_prompt, maxTokens, and temperature in input","status":"passed","title":"REP-T06: passes system_prompt, maxTokens, and temperature in input","duration":0.2429580000000442,"failureMessages":[],"meta":{}},{"ancestorTitles":["ReplicateProvider"],"fullName":"ReplicateProvider REP-T07: validateConfig checks model and apiKey","status":"passed","title":"REP-T07: validateConfig checks model and apiKey","duration":0.14962500000001455,"failureMessages":[],"meta":{}},{"ancestorTitles":["ReplicateProvider"],"fullName":"ReplicateProvider REP-T08: getMaxContext returns 128000","status":"passed","title":"REP-T08: getMaxContext returns 128000","duration":0.11662499999999909,"failureMessages":[],"meta":{}},{"ancestorTitles":["ReplicateProvider"],"fullName":"ReplicateProvider REP-T09: estimateCost returns 0","status":"passed","title":"REP-T09: estimateCost returns 0","duration":0.12437499999998636,"failureMessages":[],"meta":{}},{"ancestorTitles":["ReplicateProvider"],"fullName":"ReplicateProvider REP-T10: streamExecute calls onChunk then done","status":"passed","title":"REP-T10: streamExecute calls onChunk then done","duration":0.8312089999999444,"failureMessages":[],"meta":{}},{"ancestorTitles":["ReplicateProvider"],"fullName":"ReplicateProvider REP-T11: testConnection returns true on ok","status":"passed","title":"REP-T11: testConnection returns true on ok","duration":0.14970800000003237,"failureMessages":[],"meta":{}},{"ancestorTitles":["ReplicateProvider"],"fullName":"ReplicateProvider REP-T12: testConnection returns false on error","status":"passed","title":"REP-T12: testConnection returns false on error","duration":0.136792000000014,"failureMessages":[],"meta":{}},{"ancestorTitles":["ReplicateProvider"],"fullName":"ReplicateProvider REP-T13: checkStatus returns available or unavailable","status":"passed","title":"REP-T13: checkStatus returns available or unavailable","duration":0.11008400000002894,"failureMessages":[],"meta":{}},{"ancestorTitles":["ReplicateProvider"],"fullName":"ReplicateProvider REP-T14: uses custom baseUrl from config","status":"passed","title":"REP-T14: uses custom baseUrl from config","duration":0.14104099999997288,"failureMessages":[],"meta":{}},{"ancestorTitles":["ReplicateProvider"],"fullName":"ReplicateProvider REP-T15: exports a singleton replicateProvider instance","status":"passed","title":"REP-T15: exports a singleton replicateProvider instance","duration":0.3623330000000351,"failureMessages":[],"meta":{}}],"startTime":1773521519021,"endTime":1773521519043.3623,"status":"passed","message":"","name":"/Users/paultinp/BU-TPI/packages/bu-tpi/src/llm/providers/replicate.test.ts"}]}